#
# A fatal error has been detected by the Java Runtime Environment:
#
#  SIGSEGV (0xb) at pc=0x00007fa64f2d50d9, pid=6622, tid=6667
#
# JRE version: OpenJDK Runtime Environment Temurin-17.0.8.1+1 (17.0.8.1+1) (build 17.0.8.1+1)
# Java VM: OpenJDK 64-Bit Server VM Temurin-17.0.8.1+1 (17.0.8.1+1, mixed mode, tiered, compressed oops, compressed class ptrs, parallel gc, linux-amd64)
# Problematic frame:
# V  [libjvm.so+0xcd50d9]  SharedRuntime::generate_class_cast_message(Klass*, Klass*, Symbol*)+0x59
#
# Core dump will be written. Default location: Core dumps may be processed with "/usr/share/apport/apport -p%p -s%s -c%c -d%d -P%P -u%u -g%g -- %E" (or dumping to /home/schneidt/www/faculdade/barbearia-dsw/server/core.6622)
#
# If you would like to submit a bug report, please visit:
#   https://github.com/adoptium/adoptium-support/issues
#

---------------  S U M M A R Y ------------

Command Line: --add-modules=ALL-SYSTEM --add-opens=java.base/java.util=ALL-UNNAMED --add-opens=java.base/java.lang=ALL-UNNAMED --add-opens=java.base/sun.nio.fs=ALL-UNNAMED -Declipse.application=org.eclipse.jdt.ls.core.id1 -Dosgi.bundles.defaultStartLevel=4 -Declipse.product=org.eclipse.jdt.ls.core.product -Djava.import.generatesMetadataFilesAtProjectRoot=false -DDetectVMInstallationsJob.disabled=true -Dfile.encoding=utf8 -XX:+UseParallelGC -XX:GCTimeRatio=4 -XX:AdaptiveSizePolicyWeight=90 -Dsun.zip.disableMemoryMapping=true -Xmx1G -Xms100m -Xlog:disable -javaagent:/home/schneidt/.vscode/extensions/redhat.java-1.24.0-linux-x64/lombok/lombok-1.18.30.jar -XX:+HeapDumpOnOutOfMemoryError -XX:HeapDumpPath=/home/schneidt/.config/Code/User/workspaceStorage/521850bbac6f7e8d88305312420ed6c6/redhat.java -Daether.dependencyCollector.impl=bf /home/schneidt/.vscode/extensions/redhat.java-1.24.0-linux-x64/server/plugins/org.eclipse.equinox.launcher_1.6.500.v20230717-2134.jar -configuration /home/schneidt/.config/Code/User/globalStorage/redhat.java/1.24.0/config_linux -data /home/schneidt/.config/Code/User/workspaceStorage/521850bbac6f7e8d88305312420ed6c6/redhat.java/jdt_ws --stdio

Host: Intel(R) Core(TM) i7-8565U CPU @ 1.80GHz, 8 cores, 15G, Ubuntu 22.04.3 LTS
Time: Tue Nov 28 21:57:43 2023 -03 elapsed time: 32.078712 seconds (0d 0h 0m 32s)

---------------  T H R E A D  ---------------

Current thread (0x00007fa6485b9470):  JavaThread "Active Thread: Equinox Container: 31f3b801-bf97-41be-b040-585d201d097e" [_thread_in_vm, id=6667, stack(0x00007fa6228f4000,0x00007fa6229f4000)]

Stack: [0x00007fa6228f4000,0x00007fa6229f4000],  sp=0x00007fa6229f1070,  free space=1012k
Native frames: (J=compiled Java code, j=interpreted, Vv=VM code, C=native code)
V  [libjvm.so+0xcd50d9]  SharedRuntime::generate_class_cast_message(Klass*, Klass*, Symbol*)+0x59
V  [libjvm.so+0xcd77da]  SharedRuntime::generate_class_cast_message(JavaThread*, Klass*)+0xca
V  [libjvm.so+0x81f634]  InterpreterRuntime::throw_ClassCastException(JavaThread*, oopDesc*)+0x64
j  org.eclipse.osgi.container.ModuleDatabase$Persistence.store(Lorg/eclipse/osgi/container/ModuleDatabase;Ljava/io/DataOutputStream;Z)V+144
j  org.eclipse.osgi.container.ModuleDatabase.store(Ljava/io/DataOutputStream;Z)V+7
j  org.eclipse.osgi.storage.Storage.save0()V+127
j  org.eclipse.osgi.storage.Storage.save()V+15
j  org.eclipse.osgi.internal.framework.StorageSaver$StorageSaverTask.run()V+7
j  java.util.concurrent.Executors$RunnableAdapter.call()Ljava/lang/Object;+4 java.base@17.0.8.1
j  java.util.concurrent.FutureTask.runAndReset()Z+44 java.base@17.0.8.1
j  java.util.concurrent.ScheduledThreadPoolExecutor$ScheduledFutureTask.run()V+35 java.base@17.0.8.1
j  java.util.concurrent.ThreadPoolExecutor.runWorker(Ljava/util/concurrent/ThreadPoolExecutor$Worker;)V+92 java.base@17.0.8.1
j  java.util.concurrent.ThreadPoolExecutor$Worker.run()V+5 java.base@17.0.8.1
j  java.lang.Thread.run()V+11 java.base@17.0.8.1
v  ~StubRoutines::call_stub
V  [libjvm.so+0x827355]  JavaCalls::call_helper(JavaValue*, methodHandle const&, JavaCallArguments*, JavaThread*)+0x315
V  [libjvm.so+0x828b4b]  JavaCalls::call_virtual(JavaValue*, Handle, Klass*, Symbol*, Symbol*, JavaThread*)+0x1cb
V  [libjvm.so+0x8f3ae3]  thread_entry(JavaThread*, JavaThread*)+0xa3
V  [libjvm.so+0xe65584]  JavaThread::thread_main_inner()+0x184
V  [libjvm.so+0xe68d40]  Thread::call_run()+0xc0
V  [libjvm.so+0xc1e681]  thread_native_entry(Thread*)+0xe1

Java frames: (J=compiled Java code, j=interpreted, Vv=VM code)
j  org.eclipse.osgi.container.ModuleDatabase$Persistence.store(Lorg/eclipse/osgi/container/ModuleDatabase;Ljava/io/DataOutputStream;Z)V+144
j  org.eclipse.osgi.container.ModuleDatabase.store(Ljava/io/DataOutputStream;Z)V+7
j  org.eclipse.osgi.storage.Storage.save0()V+127
j  org.eclipse.osgi.storage.Storage.save()V+15
j  org.eclipse.osgi.internal.framework.StorageSaver$StorageSaverTask.run()V+7
j  java.util.concurrent.Executors$RunnableAdapter.call()Ljava/lang/Object;+4 java.base@17.0.8.1
j  java.util.concurrent.FutureTask.runAndReset()Z+44 java.base@17.0.8.1
j  java.util.concurrent.ScheduledThreadPoolExecutor$ScheduledFutureTask.run()V+35 java.base@17.0.8.1
j  java.util.concurrent.ThreadPoolExecutor.runWorker(Ljava/util/concurrent/ThreadPoolExecutor$Worker;)V+92 java.base@17.0.8.1
j  java.util.concurrent.ThreadPoolExecutor$Worker.run()V+5 java.base@17.0.8.1
j  java.lang.Thread.run()V+11 java.base@17.0.8.1
v  ~StubRoutines::call_stub

siginfo: si_signo: 11 (SIGSEGV), si_code: 1 (SEGV_MAPERR), si_addr: 0x0000000000000088

Register to memory mapping:

RAX=0x0 is NULL
RBX=0x00007fa60c087590 points into unknown readable memory: 0x696c63652e67726f | 6f 72 67 2e 65 63 6c 69
RCX=0x0000000000000067 is an unknown value
RDX=0x00007fa60c087590 points into unknown readable memory: 0x696c63652e67726f | 6f 72 67 2e 65 63 6c 69
RSP=0x00007fa6229f1070 is pointing into the stack for thread: 0x00007fa6485b9470
RBP=0x00007fa6229f10c0 is pointing into the stack for thread: 0x00007fa6485b9470
RSI=0x000000000000006e is an unknown value
RDI=0x0000000100126e58 is pointing into metadata
R8 =0x0000000000000001 is an unknown value
R9 =0x00007fa63d737000 points into unknown readable memory: 0x0000000000000006 | 06 00 00 00 00 00 00 00
R10=0x00007fa64fc70000 points into unknown readable memory: 0x0100050403020100 | 00 01 02 03 04 05 00 01
R11=0x00000000c01dcd78 is an oop: java.util.HashMap 
{0x00000000c01dcd78} - klass: 'java/util/HashMap'
 - ---- fields (total size 6 words):
 - transient 'keySet' 'Ljava/util/Set;' @12  NULL (0)
 - transient 'values' 'Ljava/util/Collection;' @16  a 'java/util/HashMap$Values'{0x00000000c01dcda8} (c01dcda8)
 - transient 'size' 'I' @20  112 (70)
 - transient 'modCount' 'I' @24  113 (71)
 - 'threshold' 'I' @28  192 (c0)
 - final 'loadFactor' 'F' @32  0,750000 (3f400000)
 - transient 'table' '[Ljava/util/HashMap$Node;' @36  a 'java/util/HashMap$Node'[256] {0x00000000c01dcdb8} (c01dcdb8)
 - transient 'entrySet' 'Ljava/util/Set;' @40  a 'java/util/HashMap$EntrySet'{0x00000000c0015d68} (c0015d68)
R12=0x0000000100126e58 is pointing into metadata
R13=0x00007fa64f585272: <offset 0x0000000000f85272> in /home/schneidt/.vscode/extensions/redhat.java-1.24.0-linux-x64/jre/17.0.8.1-linux-x86_64/lib/server/libjvm.so at 0x00007fa64e600000
R14=0x0000000000000009 is an unknown value
R15=0x0000000100126e10 is a pointer to class: 
org.eclipse.osgi.container.ModuleWiring {0x0000000100126e10}
 - instance size:     7
 - klass size:        95
 - access:            public final synchronized 
 - state:             fully_initialized
 - name:              'org/eclipse/osgi/container/ModuleWiring'
 - super:             'java/lang/Object'
 - sub:               
 - arrays:            NULL
 - methods:           Array<T>(0x00007fa62cb498d0)
 - method ordering:   Array<T>(0x00007fa62c000018)
 - default_methods:   Array<T>(0x0000000000000000)
 - local interfaces:  Array<T>(0x00007fa62cb47fe8)
 - trans. interfaces: Array<T>(0x00007fa62cb4ca00)
 - constants:         constant pool [591]/operands[21] {0x00007fa62cb48418} for 'org/eclipse/osgi/container/ModuleWiring' cache=0x00007fa62cb4cac0
 - class loader data:  loader data: 0x00007fa64847b300 for instance a 'org/eclipse/equinox/launcher/Main$StartupClassLoader'{0x00000000c060f6d0}
 - source file:       'ModuleWiring.java'
 - class annotations:       Array<T>(0x0000000000000000)
 - class type annotations:  Array<T>(0x0000000000000000)
 - field annotations:       Array<T>(0x0000000000000000)
 - field type annotations:  Array<T>(0x0000000000000000)
 - inner classes:     Array<T>(0x00007fa62cb4c9d0)
 - nest members:     Array<T>(0x00007fa62c000028)
 - permitted subclasses:     Array<T>(0x00007fa62c000028)
 - java mirror:       a 'java/lang/Class'{0x00000000c087e2c8} = 'org/eclipse/osgi/container/ModuleWiring'
 - vtable length      5  (start addr: 0x0000000100126fe0)
 - itable length      31 (start addr: 0x0000000100127008)
 - ---- static fields (1 words):
 - private static final 'GET_CLASSLOADER_PERM' 'Ljava/lang/RuntimePermission;' @112 
 - private static final 'DYNAMICALLY_ADDED_IMPORT_DIRECTIVE' 'Ljava/lang/String;' @116 
 - ---- non-static fields (10 words):
 - volatile 'isValid' 'Z' @12 
 - private final 'revision' 'Lorg/eclipse/osgi/container/ModuleRevision;' @16 
 - private volatile 'capabilities' 'Lorg/eclipse/osgi/internal/container/NamespaceList;' @20 
 - private volatile 'requirements' 'Lorg/eclipse/osgi/internal/container/NamespaceList;' @24 
 - private final 'substitutedPkgNames' 'Ljava/util/Collection;' @28 
 - private final 'loader' 'Lorg/eclipse/osgi/internal/container/AtomicLazyInitializer;' @32 
 - private final 'loaderInitializer' 'Lorg/eclipse/osgi/container/ModuleWiring$LoaderInitializer;' @36 
 - private volatile 'providedWires' 'Lorg/eclipse/osgi/internal/container/NamespaceList;' @40 
 - private volatile 'requiredWires' 'Lorg/eclipse/osgi/internal/container/NamespaceList;' @44 
 - private final 'dynamicMissRef' 'Ljava/util/concurrent/atomic/AtomicReference;' @48 
 - non-static oop maps: 16-48 


Registers:
RAX=0x0000000000000000, RBX=0x00007fa60c087590, RCX=0x0000000000000067, RDX=0x00007fa60c087590
RSP=0x00007fa6229f1070, RBP=0x00007fa6229f10c0, RSI=0x000000000000006e, RDI=0x0000000100126e58
R8 =0x0000000000000001, R9 =0x00007fa63d737000, R10=0x00007fa64fc70000, R11=0x00000000c01dcd78
R12=0x0000000100126e58, R13=0x00007fa64f585272, R14=0x0000000000000009, R15=0x0000000100126e10
RIP=0x00007fa64f2d50d9, EFLAGS=0x0000000000010206, CSGSFS=0x002b000000000033, ERR=0x0000000000000004
  TRAPNO=0x000000000000000e

Top of Stack: (sp=0x00007fa6229f1070)
0x00007fa6229f1070:   00007fa63d73fb10 6970756a00000000
0x00007fa6229f1080:   00007fa6229f24c0 0000000000000050
0x00007fa6229f1090:   5f00000000000000 00007fa64f8f4580
0x00007fa6229f10a0:   0000000100126e58 00007fa62cac6ce0 

Instructions: (pc=0x00007fa64f2d50d9)
0x00007fa64f2d4fd9:   00 00 5b 41 5c 5d e9 fc 4c 19 00 0f 1f 40 00 48
0x00007fa64f2d4fe9:   8d 65 f0 5b 41 5c 5d c3 0f 1f 80 00 00 00 00 be
0x00007fa64f2d4ff9:   01 00 00 00 4c 89 e7 e8 9b 8f ff ff eb a4 66 0f
0x00007fa64f2d5009:   1f 84 00 00 00 00 00 48 8b 7f 08 e9 09 ff ff ff
0x00007fa64f2d5019:   0f 1f 80 00 00 00 00 49 8d bc 24 b0 03 00 00 e8
0x00007fa64f2d5029:   a3 7a 0c 00 e9 5c ff ff ff 66 0f 1f 44 00 00 48
0x00007fa64f2d5039:   8d 05 41 3c 65 00 45 31 c0 ba f3 07 00 00 4c 89
0x00007fa64f2d5049:   e7 48 8d 35 a7 09 33 00 48 8b 88 a0 04 00 00 e8
0x00007fa64f2d5059:   d3 49 9e ff 49 8b 9c 24 e8 00 00 00 48 8b 43 10
0x00007fa64f2d5069:   48 83 38 00 0f 85 e0 fe ff ff e9 e7 fe ff ff 0f
0x00007fa64f2d5079:   1f 84 00 00 00 00 00 55 48 89 e5 41 57 49 89 f7
0x00007fa64f2d5089:   41 56 49 89 d6 41 55 41 54 49 89 fc 53 48 83 ec
0x00007fa64f2d5099:   28 e8 c1 11 d8 ff 49 89 c5 4d 85 ff 0f 84 fd 00
0x00007fa64f2d50a9:   00 00 4c 89 ff e8 ad 11 d8 ff 4c 89 ef 48 89 c3
0x00007fa64f2d50b9:   e8 62 e3 57 ff 48 89 df 49 89 c6 e8 57 e3 57 ff
0x00007fa64f2d50c9:   4c 89 e7 49 8d 44 06 20 48 89 45 c8 49 8b 04 24
0x00007fa64f2d50d9:   ff 90 88 00 00 00 4c 89 ff 49 89 c6 49 8b 07 ff
0x00007fa64f2d50e9:   90 88 00 00 00 31 d2 49 39 c6 0f 84 17 01 00 00
0x00007fa64f2d50f9:   31 f6 4c 89 e7 e8 ad 17 d8 ff 4c 89 ff 31 d2 31
0x00007fa64f2d5109:   f6 48 89 45 c0 41 bf 02 00 00 00 e8 97 17 d8 ff
0x00007fa64f2d5119:   48 89 c7 48 89 45 b8 e8 fb e2 57 ff 4c 8b 4d c0
0x00007fa64f2d5129:   49 89 c6 48 8d 05 2e 47 33 00 48 89 45 b0 4c 89
0x00007fa64f2d5139:   cf 4c 89 4d c0 e8 dd e2 57 ff be 01 00 00 00 49
0x00007fa64f2d5149:   89 c0 4b 8d 44 37 03 48 03 45 c8 4d 8d 3c 00 4c
0x00007fa64f2d5159:   89 ff e8 90 80 fe ff 4c 8b 4d c0 48 85 c0 49 89
0x00007fa64f2d5169:   c6 0f 84 88 00 00 00 ff 75 b8 49 89 d8 4c 89 e9
0x00007fa64f2d5179:   48 8d 15 48 0b 33 00 ff 75 b0 4c 89 fe 48 89 c7
0x00007fa64f2d5189:   31 c0 e8 a0 de 57 ff 58 5a 48 8d 65 d8 5b 4c 89
0x00007fa64f2d5199:   f0 41 5c 41 5d 41 5e 41 5f 5d c3 0f 1f 40 00 4c
0x00007fa64f2d51a9:   89 f7 e8 d0 44 13 00 4c 89 ef 48 89 c3 e8 65 e2
0x00007fa64f2d51b9:   57 ff 48 89 df 49 89 c6 e8 5a e2 57 ff 31 d2 31
0x00007fa64f2d51c9:   f6 4c 89 e7 49 8d 44 06 20 45 31 f6 48 89 45 c8 


Stack slot to memory mapping:
stack at sp + 0 slots: 0x00007fa63d73fb10 is at code_begin+-112 in 
[CodeBlob (0x00007fa63d73fb10)]
Framesize: 0
BufferBlob (0x00007fa63d73fb10) used for Interpreter
stack at sp + 1 slots: 0x6970756a00000000 is an unknown value
stack at sp + 2 slots: 0x00007fa6229f24c0 is pointing into the stack for thread: 0x00007fa6485b9470
stack at sp + 3 slots: 0x0000000000000050 is an unknown value
stack at sp + 4 slots: 0x5f00000000000000 is an unknown value
stack at sp + 5 slots: 0x00007fa64f8f4580: <offset 0x00000000012f4580> in /home/schneidt/.vscode/extensions/redhat.java-1.24.0-linux-x64/jre/17.0.8.1-linux-x86_64/lib/server/libjvm.so at 0x00007fa64e600000
stack at sp + 6 slots: 0x0000000100126e58 is pointing into metadata
stack at sp + 7 slots: 0x00007fa62cac6ce0 is pointing into metadata


---------------  P R O C E S S  ---------------

Threads class SMR info:
_java_thread_list=0x00007fa60c13c480, length=27, elements={
0x00007fa648027f20, 0x00007fa6481e7080, 0x00007fa6481e8600, 0x00007fa648210960,
0x00007fa648214250, 0x00007fa6482151f0, 0x00007fa648216850, 0x00007fa648217d10,
0x00007fa648221150, 0x00007fa6482a6c80, 0x00007fa6483a8e70, 0x00007fa6484b88c0,
0x00007fa6485b9470, 0x00007fa648602a00, 0x00007fa648605740, 0x00007fa5c841bc70,
0x00007fa5c84360c0, 0x00007fa5c85c4dd0, 0x00007fa5c866d670, 0x00007fa5c86787c0,
0x00007fa5c8aabea0, 0x00007fa5b4000ff0, 0x00007fa64869bd80, 0x00007fa6487b93e0,
0x00007fa6487bb110, 0x00007fa5a0000ff0, 0x00007fa60c13bc80
}

Java Threads: ( => current thread )
  0x00007fa648027f20 JavaThread "main" [_thread_blocked, id=6623, stack(0x00007fa64e419000,0x00007fa64e519000)]
  0x00007fa6481e7080 JavaThread "Reference Handler" daemon [_thread_blocked, id=6626, stack(0x00007fa634100000,0x00007fa634200000)]
  0x00007fa6481e8600 JavaThread "Finalizer" daemon [_thread_blocked, id=6627, stack(0x00007fa634000000,0x00007fa634100000)]
  0x00007fa648210960 JavaThread "Signal Dispatcher" daemon [_thread_blocked, id=6630, stack(0x00007fa623900000,0x00007fa623a00000)]
  0x00007fa648214250 JavaThread "Service Thread" daemon [_thread_blocked, id=6631, stack(0x00007fa623800000,0x00007fa623900000)]
  0x00007fa6482151f0 JavaThread "Monitor Deflation Thread" daemon [_thread_blocked, id=6632, stack(0x00007fa623700000,0x00007fa623800000)]
  0x00007fa648216850 JavaThread "C2 CompilerThread0" daemon [_thread_blocked, id=6633, stack(0x00007fa623600000,0x00007fa623700000)]
  0x00007fa648217d10 JavaThread "C1 CompilerThread0" daemon [_thread_blocked, id=6634, stack(0x00007fa623500000,0x00007fa623600000)]
  0x00007fa648221150 JavaThread "Sweeper thread" daemon [_thread_blocked, id=6635, stack(0x00007fa623400000,0x00007fa623500000)]
  0x00007fa6482a6c80 JavaThread "Common-Cleaner" daemon [_thread_blocked, id=6638, stack(0x00007fa623300000,0x00007fa623400000)]
  0x00007fa6483a8e70 JavaThread "Notification Thread" daemon [_thread_blocked, id=6643, stack(0x00007fa623000000,0x00007fa623100000)]
  0x00007fa6484b88c0 JavaThread "process reaper" daemon [_thread_blocked, id=6653, stack(0x00007fa64c02c000,0x00007fa64c04e000)]
=>0x00007fa6485b9470 JavaThread "Active Thread: Equinox Container: 31f3b801-bf97-41be-b040-585d201d097e" [_thread_in_vm, id=6667, stack(0x00007fa6228f4000,0x00007fa6229f4000)]
  0x00007fa648602a00 JavaThread "Framework Event Dispatcher: Equinox Container: 31f3b801-bf97-41be-b040-585d201d097e" daemon [_thread_blocked, id=6672, stack(0x00007fa6227f4000,0x00007fa6228f4000)]
  0x00007fa648605740 JavaThread "Start Level: Equinox Container: 31f3b801-bf97-41be-b040-585d201d097e" daemon [_thread_blocked, id=6673, stack(0x00007fa6226f4000,0x00007fa6227f4000)]
  0x00007fa5c841bc70 JavaThread "Bundle File Closer" daemon [_thread_blocked, id=6680, stack(0x00007fa6220fc000,0x00007fa6221fc000)]
  0x00007fa5c84360c0 JavaThread "SCR Component Actor" daemon [_thread_blocked, id=6682, stack(0x00007fa621ffc000,0x00007fa6220fc000)]
  0x00007fa5c85c4dd0 JavaThread "Worker-JM" [_thread_blocked, id=6698, stack(0x00007fa623100000,0x00007fa623200000)]
  0x00007fa5c866d670 JavaThread "Worker-0" [_thread_blocked, id=6711, stack(0x00007fa621dfc000,0x00007fa621efc000)]
  0x00007fa5c86787c0 JavaThread "Worker-1" [_thread_blocked, id=6712, stack(0x00007fa621cfc000,0x00007fa621dfc000)]
  0x00007fa5c8aabea0 JavaThread "Java indexing" daemon [_thread_blocked, id=6742, stack(0x00007fa621bfc000,0x00007fa621cfc000)]
  0x00007fa5b4000ff0 JavaThread "Worker-2" [_thread_blocked, id=6743, stack(0x00007fa621afc000,0x00007fa621bfc000)]
  0x00007fa64869bd80 JavaThread "pool-2-thread-1" [_thread_blocked, id=6764, stack(0x00007fa621443000,0x00007fa621543000)]
  0x00007fa6487b93e0 JavaThread "WorkspaceEventsHandler" [_thread_blocked, id=6767, stack(0x00007fa6218ac000,0x00007fa6219ac000)]
  0x00007fa6487bb110 JavaThread "pool-1-thread-1" [_thread_blocked, id=6768, stack(0x00007fa6217ac000,0x00007fa6218ac000)]
  0x00007fa5a0000ff0 JavaThread "Worker-3" [_thread_blocked, id=6776, stack(0x00007fa6216ac000,0x00007fa6217ac000)]
  0x00007fa60c13bc80 JavaThread "C2 CompilerThread1" daemon [_thread_blocked, id=7314, stack(0x00007fa621efc000,0x00007fa621ffc000)]

Other Threads:
  0x00007fa648068f90 VMThread "VM Thread" [stack: 0x00007fa647f00000,0x00007fa648000000] [id=6625]
  0x00007fa648071d70 WatcherThread [stack: 0x00007fa622f00000,0x00007fa623000000] [id=6644]
  0x00007fa64803f870 GCTaskThread "GC Thread#0" [stack: 0x00007fa64df42000,0x00007fa64e042000] [id=6624]
  0x00007fa624001250 GCTaskThread "GC Thread#1" [stack: 0x00007fa622dfe000,0x00007fa622efe000] [id=6654]
  0x00007fa624003140 GCTaskThread "GC Thread#2" [stack: 0x00007fa622cfc000,0x00007fa622dfc000] [id=6655]
  0x00007fa624003af0 GCTaskThread "GC Thread#3" [stack: 0x00007fa622bfa000,0x00007fa622cfa000] [id=6656]
  0x00007fa6240044a0 GCTaskThread "GC Thread#4" [stack: 0x00007fa622af8000,0x00007fa622bf8000] [id=6657]
  0x00007fa624004e50 GCTaskThread "GC Thread#5" [stack: 0x00007fa6229f6000,0x00007fa622af6000] [id=6658]
  0x00007fa624006250 GCTaskThread "GC Thread#6" [stack: 0x00007fa622300000,0x00007fa622400000] [id=6674]
  0x00007fa624006b90 GCTaskThread "GC Thread#7" [stack: 0x00007fa6221fe000,0x00007fa6222fe000] [id=6675]

Threads with active compile tasks:

VM state: not at safepoint (normal execution)

VM Mutex/Monitor currently owned by a thread: None

Heap address: 0x00000000c0000000, size: 1024 MB, Compressed Oops mode: 32-bit

CDS archive(s) not mapped
Compressed class space mapped at: 0x0000000100000000-0x0000000140000000, reserved size: 1073741824
Narrow klass base: 0x0000000000000000, Narrow klass shift: 3, Narrow klass range: 0x140000000

GC Precious Log:
 CPUs: 8 total, 8 available
 Memory: 15835M
 Large Page Support: Disabled
 NUMA Support: Disabled
 Compressed Oops: Enabled (32-bit)
 Alignments: Space 512K, Generation 512K, Heap 2M
 Heap Min Capacity: 100M
 Heap Initial Capacity: 100M
 Heap Max Capacity: 1G
 Pre-touch: Disabled
 Parallel Workers: 8

Heap:
 PSYoungGen      total 21504K, used 9111K [0x00000000eab00000, 0x00000000ec100000, 0x0000000100000000)
  eden space 19968K, 43% used [0x00000000eab00000,0x00000000eb37df18,0x00000000ebe80000)
  from space 1536K, 27% used [0x00000000ebe80000,0x00000000ebee8000,0x00000000ec000000)
  to   space 1024K, 0% used [0x00000000ec000000,0x00000000ec000000,0x00000000ec100000)
 ParOldGen       total 68608K, used 37074K [0x00000000c0000000, 0x00000000c4300000, 0x00000000eab00000)
  object space 68608K, 54% used [0x00000000c0000000,0x00000000c2434b10,0x00000000c4300000)
 Metaspace       used 56465K, committed 57536K, reserved 1114112K
  class space    used 6189K, committed 6656K, reserved 1048576K

Card table byte_map: [0x00007fa64e042000,0x00007fa64e243000] _byte_map_base: 0x00007fa64da42000

Marking Bits: (ParMarkBitMap*) 0x00007fa64f921ba0
 Begin Bits: [0x00007fa634200000, 0x00007fa635200000)
 End Bits:   [0x00007fa635200000, 0x00007fa636200000)

Polling page: 0x00007fa64fd1c000

Metaspace:

Usage:
  Non-class:     49,10 MB used.
      Class:      6,04 MB used.
       Both:     55,14 MB used.

Virtual space:
  Non-class space:       64,00 MB reserved,      49,69 MB ( 78%) committed,  1 nodes.
      Class space:        1,00 GB reserved,       6,50 MB ( <1%) committed,  1 nodes.
             Both:        1,06 GB reserved,      56,19 MB (  5%) committed. 

Chunk freelists:
   Non-Class:  13,78 MB
       Class:  9,50 MB
        Both:  23,28 MB

MaxMetaspaceSize: unlimited
CompressedClassSpaceSize: 1,00 GB
Initial GC threshold: 21,00 MB
Current GC threshold: 58,38 MB
CDS: off
MetaspaceReclaimPolicy: balanced
 - commit_granule_bytes: 65536.
 - commit_granule_words: 8192.
 - virtual_space_node_default_size: 8388608.
 - enlarge_chunks_in_place: 1.
 - new_chunks_are_fully_committed: 0.
 - uncommit_free_chunks: 1.
 - use_allocation_guard: 0.
 - handle_deallocations: 1.


Internal statistics:

num_allocs_failed_limit: 8.
num_arena_births: 704.
num_arena_deaths: 14.
num_vsnodes_births: 2.
num_vsnodes_deaths: 0.
num_space_committed: 899.
num_space_uncommitted: 0.
num_chunks_returned_to_freelist: 22.
num_chunks_taken_from_freelist: 2899.
num_chunk_merges: 10.
num_chunk_splits: 1828.
num_chunks_enlarged: 1059.
num_inconsistent_stats: 0.

CodeHeap 'non-profiled nmethods': size=120028Kb used=3201Kb max_used=3201Kb free=116827Kb
 bounds [0x00007fa63dcc9000, 0x00007fa63dff9000, 0x00007fa645200000]
CodeHeap 'profiled nmethods': size=120028Kb used=10582Kb max_used=10967Kb free=109445Kb
 bounds [0x00007fa636200000, 0x00007fa636cd0000, 0x00007fa63d737000]
CodeHeap 'non-nmethods': size=5704Kb used=1297Kb max_used=1374Kb free=4406Kb
 bounds [0x00007fa63d737000, 0x00007fa63d9a7000, 0x00007fa63dcc9000]
 total_blobs=6188 nmethods=5554 adapters=548
 compilation: enabled
              stopped_count=0, restarted_count=0
 full_count=0

Compilation events (20 events):
Event: 32,048 Thread 0x00007fa648217d10 6370       3       java.util.Collections$SingletonMap::entrySet (34 bytes)
Event: 32,049 Thread 0x00007fa648217d10 nmethod 6370 0x00007fa6362f6c10 code [0x00007fa6362f6de0, 0x00007fa6362f72d0]
Event: 32,051 Thread 0x00007fa648217d10 6371       1       org.eclipse.osgi.container.ModuleRequirement::getAttributes (5 bytes)
Event: 32,052 Thread 0x00007fa648217d10 nmethod 6371 0x00007fa63dfe6a90 code [0x00007fa63dfe6c20, 0x00007fa63dfe6cf0]
Event: 32,052 Thread 0x00007fa648217d10 6372       3       java.util.Collections$UnmodifiableMap$UnmodifiableEntrySet::iterator (9 bytes)
Event: 32,053 Thread 0x00007fa648217d10 nmethod 6372 0x00007fa6362f6610 code [0x00007fa6362f67c0, 0x00007fa6362f6ae0]
Event: 32,053 Thread 0x00007fa648217d10 6375       3       java.util.AbstractMap::hashCode (45 bytes)
Event: 32,053 Thread 0x00007fa648217d10 nmethod 6375 0x00007fa6362f5b90 code [0x00007fa6362f5da0, 0x00007fa6362f6400]
Event: 32,054 Thread 0x00007fa648217d10 6373       3       java.util.Collections$UnmodifiableMap$UnmodifiableEntrySet$1::<init> (26 bytes)
Event: 32,054 Thread 0x00007fa648217d10 nmethod 6373 0x00007fa636215b90 code [0x00007fa636215d40, 0x00007fa636215fa0]
Event: 32,054 Thread 0x00007fa648217d10 6374       3       java.util.Collections$UnmodifiableMap::hashCode (10 bytes)
Event: 32,054 Thread 0x00007fa648217d10 nmethod 6374 0x00007fa6362f5710 code [0x00007fa6362f58c0, 0x00007fa6362f5a80]
Event: 32,054 Thread 0x00007fa648217d10 6377       3       java.util.Collections$SingletonMap::hashCode (16 bytes)
Event: 32,055 Thread 0x00007fa648217d10 nmethod 6377 0x00007fa6362f5010 code [0x00007fa6362f51e0, 0x00007fa6362f55d0]
Event: 32,055 Thread 0x00007fa648217d10 6378       3       org.eclipse.osgi.container.ModuleDatabase$Persistence::getListType (59 bytes)
Event: 32,056 Thread 0x00007fa648217d10 nmethod 6378 0x00007fa6362f4510 code [0x00007fa6362f4720, 0x00007fa6362f4f30]
Event: 32,057 Thread 0x00007fa648216850 nmethod 6352% 0x00007fa63dfe6d90 code [0x00007fa63dfe6f40, 0x00007fa63dfe7878]
Event: 32,057 Thread 0x00007fa648216850 6366       4       java.util.HashMap$HashIterator::<init> (79 bytes)
Event: 32,067 Thread 0x00007fa648217d10 6382       1       java.lang.Enum::toString (5 bytes)
Event: 32,067 Thread 0x00007fa648217d10 nmethod 6382 0x00007fa63dfe7b90 code [0x00007fa63dfe7d20, 0x00007fa63dfe7df0]

GC Heap History (20 events):
Event: 13,755 GC heap before
{Heap before GC invocations=18 (full 2):
 PSYoungGen      total 24064K, used 23640K [0x00000000eab00000, 0x00000000ec480000, 0x0000000100000000)
  eden space 22016K, 100% used [0x00000000eab00000,0x00000000ec080000,0x00000000ec080000)
  from space 2048K, 79% used [0x00000000ec080000,0x00000000ec216338,0x00000000ec280000)
  to   space 2048K, 0% used [0x00000000ec280000,0x00000000ec280000,0x00000000ec480000)
 ParOldGen       total 68608K, used 19520K [0x00000000c0000000, 0x00000000c4300000, 0x00000000eab00000)
  object space 68608K, 28% used [0x00000000c0000000,0x00000000c13103e8,0x00000000c4300000)
 Metaspace       used 51332K, committed 52352K, reserved 1114112K
  class space    used 5639K, committed 6080K, reserved 1048576K
}
Event: 13,760 GC heap after
{Heap after GC invocations=18 (full 2):
 PSYoungGen      total 22016K, used 2016K [0x00000000eab00000, 0x00000000ec880000, 0x0000000100000000)
  eden space 19968K, 0% used [0x00000000eab00000,0x00000000eab00000,0x00000000ebe80000)
  from space 2048K, 98% used [0x00000000ec280000,0x00000000ec478020,0x00000000ec480000)
  to   space 4096K, 0% used [0x00000000ebe80000,0x00000000ebe80000,0x00000000ec280000)
 ParOldGen       total 68608K, used 21046K [0x00000000c0000000, 0x00000000c4300000, 0x00000000eab00000)
  object space 68608K, 30% used [0x00000000c0000000,0x00000000c148dab8,0x00000000c4300000)
 Metaspace       used 51332K, committed 52352K, reserved 1114112K
  class space    used 5639K, committed 6080K, reserved 1048576K
}
Event: 13,893 GC heap before
{Heap before GC invocations=19 (full 2):
 PSYoungGen      total 22016K, used 21984K [0x00000000eab00000, 0x00000000ec880000, 0x0000000100000000)
  eden space 19968K, 100% used [0x00000000eab00000,0x00000000ebe80000,0x00000000ebe80000)
  from space 2048K, 98% used [0x00000000ec280000,0x00000000ec478020,0x00000000ec480000)
  to   space 4096K, 0% used [0x00000000ebe80000,0x00000000ebe80000,0x00000000ec280000)
 ParOldGen       total 68608K, used 21046K [0x00000000c0000000, 0x00000000c4300000, 0x00000000eab00000)
  object space 68608K, 30% used [0x00000000c0000000,0x00000000c148dab8,0x00000000c4300000)
 Metaspace       used 51378K, committed 52352K, reserved 1114112K
  class space    used 5641K, committed 6080K, reserved 1048576K
}
Event: 13,898 GC heap after
{Heap after GC invocations=19 (full 2):
 PSYoungGen      total 22016K, used 1856K [0x00000000eab00000, 0x00000000ec380000, 0x0000000100000000)
  eden space 19968K, 0% used [0x00000000eab00000,0x00000000eab00000,0x00000000ebe80000)
  from space 2048K, 90% used [0x00000000ebe80000,0x00000000ec050000,0x00000000ec080000)
  to   space 2560K, 0% used [0x00000000ec100000,0x00000000ec100000,0x00000000ec380000)
 ParOldGen       total 68608K, used 22998K [0x00000000c0000000, 0x00000000c4300000, 0x00000000eab00000)
  object space 68608K, 33% used [0x00000000c0000000,0x00000000c1675ad8,0x00000000c4300000)
 Metaspace       used 51378K, committed 52352K, reserved 1114112K
  class space    used 5641K, committed 6080K, reserved 1048576K
}
Event: 14,010 GC heap before
{Heap before GC invocations=20 (full 2):
 PSYoungGen      total 22016K, used 21824K [0x00000000eab00000, 0x00000000ec380000, 0x0000000100000000)
  eden space 19968K, 100% used [0x00000000eab00000,0x00000000ebe80000,0x00000000ebe80000)
  from space 2048K, 90% used [0x00000000ebe80000,0x00000000ec050000,0x00000000ec080000)
  to   space 2560K, 0% used [0x00000000ec100000,0x00000000ec100000,0x00000000ec380000)
 ParOldGen       total 68608K, used 22998K [0x00000000c0000000, 0x00000000c4300000, 0x00000000eab00000)
  object space 68608K, 33% used [0x00000000c0000000,0x00000000c1675ad8,0x00000000c4300000)
 Metaspace       used 51467K, committed 52480K, reserved 1114112K
  class space    used 5644K, committed 6080K, reserved 1048576K
}
Event: 14,016 GC heap after
{Heap after GC invocations=20 (full 2):
 PSYoungGen      total 22528K, used 2080K [0x00000000eab00000, 0x00000000ec380000, 0x0000000100000000)
  eden space 19968K, 0% used [0x00000000eab00000,0x00000000eab00000,0x00000000ebe80000)
  from space 2560K, 81% used [0x00000000ec100000,0x00000000ec308010,0x00000000ec380000)
  to   space 2560K, 0% used [0x00000000ebe80000,0x00000000ebe80000,0x00000000ec100000)
 ParOldGen       total 68608K, used 24758K [0x00000000c0000000, 0x00000000c4300000, 0x00000000eab00000)
  object space 68608K, 36% used [0x00000000c0000000,0x00000000c182dad8,0x00000000c4300000)
 Metaspace       used 51467K, committed 52480K, reserved 1114112K
  class space    used 5644K, committed 6080K, reserved 1048576K
}
Event: 14,142 GC heap before
{Heap before GC invocations=21 (full 2):
 PSYoungGen      total 22528K, used 22048K [0x00000000eab00000, 0x00000000ec380000, 0x0000000100000000)
  eden space 19968K, 100% used [0x00000000eab00000,0x00000000ebe80000,0x00000000ebe80000)
  from space 2560K, 81% used [0x00000000ec100000,0x00000000ec308010,0x00000000ec380000)
  to   space 2560K, 0% used [0x00000000ebe80000,0x00000000ebe80000,0x00000000ec100000)
 ParOldGen       total 68608K, used 24758K [0x00000000c0000000, 0x00000000c4300000, 0x00000000eab00000)
  object space 68608K, 36% used [0x00000000c0000000,0x00000000c182dad8,0x00000000c4300000)
 Metaspace       used 51519K, committed 52480K, reserved 1114112K
  class space    used 5656K, committed 6080K, reserved 1048576K
}
Event: 14,148 GC heap after
{Heap after GC invocations=21 (full 2):
 PSYoungGen      total 22528K, used 2464K [0x00000000eab00000, 0x00000000ec380000, 0x0000000100000000)
  eden space 19968K, 0% used [0x00000000eab00000,0x00000000eab00000,0x00000000ebe80000)
  from space 2560K, 96% used [0x00000000ebe80000,0x00000000ec0e8010,0x00000000ec100000)
  to   space 2560K, 0% used [0x00000000ec100000,0x00000000ec100000,0x00000000ec380000)
 ParOldGen       total 68608K, used 26705K [0x00000000c0000000, 0x00000000c4300000, 0x00000000eab00000)
  object space 68608K, 38% used [0x00000000c0000000,0x00000000c1a14600,0x00000000c4300000)
 Metaspace       used 51519K, committed 52480K, reserved 1114112K
  class space    used 5656K, committed 6080K, reserved 1048576K
}
Event: 14,219 GC heap before
{Heap before GC invocations=22 (full 2):
 PSYoungGen      total 22528K, used 22432K [0x00000000eab00000, 0x00000000ec380000, 0x0000000100000000)
  eden space 19968K, 100% used [0x00000000eab00000,0x00000000ebe80000,0x00000000ebe80000)
  from space 2560K, 96% used [0x00000000ebe80000,0x00000000ec0e8010,0x00000000ec100000)
  to   space 2560K, 0% used [0x00000000ec100000,0x00000000ec100000,0x00000000ec380000)
 ParOldGen       total 68608K, used 26705K [0x00000000c0000000, 0x00000000c4300000, 0x00000000eab00000)
  object space 68608K, 38% used [0x00000000c0000000,0x00000000c1a14600,0x00000000c4300000)
 Metaspace       used 51519K, committed 52480K, reserved 1114112K
  class space    used 5656K, committed 6080K, reserved 1048576K
}
Event: 14,228 GC heap after
{Heap after GC invocations=22 (full 2):
 PSYoungGen      total 22528K, used 2432K [0x00000000eab00000, 0x00000000ec380000, 0x0000000100000000)
  eden space 19968K, 0% used [0x00000000eab00000,0x00000000eab00000,0x00000000ebe80000)
  from space 2560K, 95% used [0x00000000ec100000,0x00000000ec360010,0x00000000ec380000)
  to   space 2560K, 0% used [0x00000000ebe80000,0x00000000ebe80000,0x00000000ec100000)
 ParOldGen       total 68608K, used 29044K [0x00000000c0000000, 0x00000000c4300000, 0x00000000eab00000)
  object space 68608K, 42% used [0x00000000c0000000,0x00000000c1c5d398,0x00000000c4300000)
 Metaspace       used 51519K, committed 52480K, reserved 1114112K
  class space    used 5656K, committed 6080K, reserved 1048576K
}
Event: 14,331 GC heap before
{Heap before GC invocations=23 (full 2):
 PSYoungGen      total 22528K, used 22400K [0x00000000eab00000, 0x00000000ec380000, 0x0000000100000000)
  eden space 19968K, 100% used [0x00000000eab00000,0x00000000ebe80000,0x00000000ebe80000)
  from space 2560K, 95% used [0x00000000ec100000,0x00000000ec360010,0x00000000ec380000)
  to   space 2560K, 0% used [0x00000000ebe80000,0x00000000ebe80000,0x00000000ec100000)
 ParOldGen       total 68608K, used 29044K [0x00000000c0000000, 0x00000000c4300000, 0x00000000eab00000)
  object space 68608K, 42% used [0x00000000c0000000,0x00000000c1c5d398,0x00000000c4300000)
 Metaspace       used 51519K, committed 52480K, reserved 1114112K
  class space    used 5656K, committed 6080K, reserved 1048576K
}
Event: 14,341 GC heap after
{Heap after GC invocations=23 (full 2):
 PSYoungGen      total 22528K, used 2048K [0x00000000eab00000, 0x00000000ec380000, 0x0000000100000000)
  eden space 19968K, 0% used [0x00000000eab00000,0x00000000eab00000,0x00000000ebe80000)
  from space 2560K, 80% used [0x00000000ebe80000,0x00000000ec080000,0x00000000ec100000)
  to   space 2560K, 0% used [0x00000000ec100000,0x00000000ec100000,0x00000000ec380000)
 ParOldGen       total 68608K, used 31355K [0x00000000c0000000, 0x00000000c4300000, 0x00000000eab00000)
  object space 68608K, 45% used [0x00000000c0000000,0x00000000c1e9ec28,0x00000000c4300000)
 Metaspace       used 51519K, committed 52480K, reserved 1114112K
  class space    used 5656K, committed 6080K, reserved 1048576K
}
Event: 14,685 GC heap before
{Heap before GC invocations=24 (full 2):
 PSYoungGen      total 22528K, used 22016K [0x00000000eab00000, 0x00000000ec380000, 0x0000000100000000)
  eden space 19968K, 100% used [0x00000000eab00000,0x00000000ebe80000,0x00000000ebe80000)
  from space 2560K, 80% used [0x00000000ebe80000,0x00000000ec080000,0x00000000ec100000)
  to   space 2560K, 0% used [0x00000000ec100000,0x00000000ec100000,0x00000000ec380000)
 ParOldGen       total 68608K, used 31355K [0x00000000c0000000, 0x00000000c4300000, 0x00000000eab00000)
  object space 68608K, 45% used [0x00000000c0000000,0x00000000c1e9ec28,0x00000000c4300000)
 Metaspace       used 51867K, committed 52928K, reserved 1114112K
  class space    used 5687K, committed 6144K, reserved 1048576K
}
Event: 14,706 GC heap after
{Heap after GC invocations=24 (full 2):
 PSYoungGen      total 22528K, used 2317K [0x00000000eab00000, 0x00000000ec380000, 0x0000000100000000)
  eden space 19968K, 0% used [0x00000000eab00000,0x00000000eab00000,0x00000000ebe80000)
  from space 2560K, 90% used [0x00000000ec100000,0x00000000ec343668,0x00000000ec380000)
  to   space 2560K, 0% used [0x00000000ebe80000,0x00000000ebe80000,0x00000000ec100000)
 ParOldGen       total 68608K, used 33331K [0x00000000c0000000, 0x00000000c4300000, 0x00000000eab00000)
  object space 68608K, 48% used [0x00000000c0000000,0x00000000c208cc28,0x00000000c4300000)
 Metaspace       used 51867K, committed 52928K, reserved 1114112K
  class space    used 5687K, committed 6144K, reserved 1048576K
}
Event: 15,636 GC heap before
{Heap before GC invocations=25 (full 2):
 PSYoungGen      total 22528K, used 22285K [0x00000000eab00000, 0x00000000ec380000, 0x0000000100000000)
  eden space 19968K, 100% used [0x00000000eab00000,0x00000000ebe80000,0x00000000ebe80000)
  from space 2560K, 90% used [0x00000000ec100000,0x00000000ec343668,0x00000000ec380000)
  to   space 2560K, 0% used [0x00000000ebe80000,0x00000000ebe80000,0x00000000ec100000)
 ParOldGen       total 68608K, used 33331K [0x00000000c0000000, 0x00000000c4300000, 0x00000000eab00000)
  object space 68608K, 48% used [0x00000000c0000000,0x00000000c208cc28,0x00000000c4300000)
 Metaspace       used 52941K, committed 53952K, reserved 1114112K
  class space    used 5791K, committed 6272K, reserved 1048576K
}
Event: 15,653 GC heap after
{Heap after GC invocations=25 (full 2):
 PSYoungGen      total 21504K, used 1499K [0x00000000eab00000, 0x00000000ec280000, 0x0000000100000000)
  eden space 19968K, 0% used [0x00000000eab00000,0x00000000eab00000,0x00000000ebe80000)
  from space 1536K, 97% used [0x00000000ebe80000,0x00000000ebff6d80,0x00000000ec000000)
  to   space 2048K, 0% used [0x00000000ec080000,0x00000000ec080000,0x00000000ec280000)
 ParOldGen       total 68608K, used 35399K [0x00000000c0000000, 0x00000000c4300000, 0x00000000eab00000)
  object space 68608K, 51% used [0x00000000c0000000,0x00000000c2291f80,0x00000000c4300000)
 Metaspace       used 52941K, committed 53952K, reserved 1114112K
  class space    used 5791K, committed 6272K, reserved 1048576K
}
Event: 16,282 GC heap before
{Heap before GC invocations=26 (full 2):
 PSYoungGen      total 21504K, used 21467K [0x00000000eab00000, 0x00000000ec280000, 0x0000000100000000)
  eden space 19968K, 99% used [0x00000000eab00000,0x00000000ebe7ffe8,0x00000000ebe80000)
  from space 1536K, 97% used [0x00000000ebe80000,0x00000000ebff6d80,0x00000000ec000000)
  to   space 2048K, 0% used [0x00000000ec080000,0x00000000ec080000,0x00000000ec280000)
 ParOldGen       total 68608K, used 35399K [0x00000000c0000000, 0x00000000c4300000, 0x00000000eab00000)
  object space 68608K, 51% used [0x00000000c0000000,0x00000000c2291f80,0x00000000c4300000)
 Metaspace       used 54930K, committed 56000K, reserved 1114112K
  class space    used 6031K, committed 6528K, reserved 1048576K
}
Event: 16,298 GC heap after
{Heap after GC invocations=26 (full 2):
 PSYoungGen      total 20992K, used 856K [0x00000000eab00000, 0x00000000ec180000, 0x0000000100000000)
  eden space 19968K, 0% used [0x00000000eab00000,0x00000000eab00000,0x00000000ebe80000)
  from space 1024K, 83% used [0x00000000ec080000,0x00000000ec156098,0x00000000ec180000)
  to   space 1536K, 0% used [0x00000000ebe80000,0x00000000ebe80000,0x00000000ec000000)
 ParOldGen       total 68608K, used 36359K [0x00000000c0000000, 0x00000000c4300000, 0x00000000eab00000)
  object space 68608K, 52% used [0x00000000c0000000,0x00000000c2381f80,0x00000000c4300000)
 Metaspace       used 54930K, committed 56000K, reserved 1114112K
  class space    used 6031K, committed 6528K, reserved 1048576K
}
Event: 16,627 GC heap before
{Heap before GC invocations=27 (full 2):
 PSYoungGen      total 20992K, used 20824K [0x00000000eab00000, 0x00000000ec180000, 0x0000000100000000)
  eden space 19968K, 100% used [0x00000000eab00000,0x00000000ebe80000,0x00000000ebe80000)
  from space 1024K, 83% used [0x00000000ec080000,0x00000000ec156098,0x00000000ec180000)
  to   space 1536K, 0% used [0x00000000ebe80000,0x00000000ebe80000,0x00000000ec000000)
 ParOldGen       total 68608K, used 36359K [0x00000000c0000000, 0x00000000c4300000, 0x00000000eab00000)
  object space 68608K, 52% used [0x00000000c0000000,0x00000000c2381f80,0x00000000c4300000)
 Metaspace       used 55720K, committed 56768K, reserved 1114112K
  class space    used 6127K, committed 6592K, reserved 1048576K
}
Event: 16,634 GC heap after
{Heap after GC invocations=27 (full 2):
 PSYoungGen      total 21504K, used 416K [0x00000000eab00000, 0x00000000ec100000, 0x0000000100000000)
  eden space 19968K, 0% used [0x00000000eab00000,0x00000000eab00000,0x00000000ebe80000)
  from space 1536K, 27% used [0x00000000ebe80000,0x00000000ebee8000,0x00000000ec000000)
  to   space 1024K, 0% used [0x00000000ec000000,0x00000000ec000000,0x00000000ec100000)
 ParOldGen       total 68608K, used 37074K [0x00000000c0000000, 0x00000000c4300000, 0x00000000eab00000)
  object space 68608K, 54% used [0x00000000c0000000,0x00000000c2434b10,0x00000000c4300000)
 Metaspace       used 55720K, committed 56768K, reserved 1114112K
  class space    used 6127K, committed 6592K, reserved 1048576K
}

Dll operation events (9 events):
Event: 0,004 Loaded shared library /home/schneidt/.vscode/extensions/redhat.java-1.24.0-linux-x64/jre/17.0.8.1-linux-x86_64/lib/libjava.so
Event: 0,268 Loaded shared library /home/schneidt/.vscode/extensions/redhat.java-1.24.0-linux-x64/jre/17.0.8.1-linux-x86_64/lib/libzip.so
Event: 0,270 Loaded shared library /home/schneidt/.vscode/extensions/redhat.java-1.24.0-linux-x64/jre/17.0.8.1-linux-x86_64/lib/libinstrument.so
Event: 0,288 Loaded shared library /home/schneidt/.vscode/extensions/redhat.java-1.24.0-linux-x64/jre/17.0.8.1-linux-x86_64/lib/libnio.so
Event: 0,312 Loaded shared library /home/schneidt/.vscode/extensions/redhat.java-1.24.0-linux-x64/jre/17.0.8.1-linux-x86_64/lib/libzip.so
Event: 0,348 Loaded shared library /home/schneidt/.vscode/extensions/redhat.java-1.24.0-linux-x64/jre/17.0.8.1-linux-x86_64/lib/libjimage.so
Event: 0,451 Loaded shared library /home/schneidt/.vscode/extensions/redhat.java-1.24.0-linux-x64/jre/17.0.8.1-linux-x86_64/lib/libverify.so
Event: 1,538 Loaded shared library /home/schneidt/.vscode/extensions/redhat.java-1.24.0-linux-x64/jre/17.0.8.1-linux-x86_64/lib/libnet.so
Event: 2,265 Loaded shared library /home/schneidt/.config/Code/User/globalStorage/redhat.java/1.24.0/config_linux/org.eclipse.equinox.launcher/org.eclipse.equinox.launcher.gtk.linux.x86_64_1.2.700.v20221108-1024/eclipse_11801.so

Deoptimization events (20 events):
Event: 16,668 Thread 0x00007fa5c8aabea0 DEOPT PACKING pc=0x00007fa63652a262 sp=0x00007fa621cf94d0
Event: 16,668 Thread 0x00007fa5c8aabea0 DEOPT UNPACKING pc=0x00007fa63d78db2f sp=0x00007fa621cf89a0 mode 0
Event: 16,671 Thread 0x00007fa5c8aabea0 DEOPT PACKING pc=0x00007fa63652a262 sp=0x00007fa621cf8050
Event: 16,671 Thread 0x00007fa5c8aabea0 DEOPT UNPACKING pc=0x00007fa63d78db2f sp=0x00007fa621cf7520 mode 0
Event: 16,689 Thread 0x00007fa5c8aabea0 DEOPT PACKING pc=0x00007fa63652a262 sp=0x00007fa621cf8990
Event: 16,689 Thread 0x00007fa5c8aabea0 DEOPT UNPACKING pc=0x00007fa63d78db2f sp=0x00007fa621cf7e60 mode 0
Event: 16,695 Thread 0x00007fa5c8aabea0 DEOPT PACKING pc=0x00007fa63652a262 sp=0x00007fa621cf8770
Event: 16,695 Thread 0x00007fa5c8aabea0 DEOPT UNPACKING pc=0x00007fa63d78db2f sp=0x00007fa621cf7c40 mode 0
Event: 16,701 Thread 0x00007fa5c8aabea0 DEOPT PACKING pc=0x00007fa63652a262 sp=0x00007fa621cf8db0
Event: 16,701 Thread 0x00007fa5c8aabea0 DEOPT UNPACKING pc=0x00007fa63d78db2f sp=0x00007fa621cf8280 mode 0
Event: 16,721 Thread 0x00007fa5c8aabea0 DEOPT PACKING pc=0x00007fa63652a262 sp=0x00007fa621cf8f80
Event: 16,721 Thread 0x00007fa5c8aabea0 DEOPT UNPACKING pc=0x00007fa63d78db2f sp=0x00007fa621cf8450 mode 0
Event: 16,729 Thread 0x00007fa5c8aabea0 DEOPT PACKING pc=0x00007fa63652a262 sp=0x00007fa621cf8c60
Event: 16,729 Thread 0x00007fa5c8aabea0 DEOPT UNPACKING pc=0x00007fa63d78db2f sp=0x00007fa621cf8130 mode 0
Event: 16,775 Thread 0x00007fa5c8aabea0 DEOPT PACKING pc=0x00007fa63652a262 sp=0x00007fa621cf9090
Event: 16,775 Thread 0x00007fa5c8aabea0 DEOPT UNPACKING pc=0x00007fa63d78db2f sp=0x00007fa621cf8560 mode 0
Event: 16,805 Thread 0x00007fa5c866d670 Uncommon trap: trap_request=0xffffffde fr.pc=0x00007fa63de2e2e0 relative=0x00000000000005a0
Event: 16,805 Thread 0x00007fa5c866d670 Uncommon trap: reason=class_check action=maybe_recompile pc=0x00007fa63de2e2e0 method=java.lang.AbstractStringBuilder.<init>(Ljava/lang/String;)V @ 58 c2
Event: 16,805 Thread 0x00007fa5c866d670 DEOPT PACKING pc=0x00007fa63de2e2e0 sp=0x00007fa621efa7b0
Event: 16,805 Thread 0x00007fa5c866d670 DEOPT UNPACKING pc=0x00007fa63d78d399 sp=0x00007fa621efa790 mode 2

Classes unloaded (7 events):
Event: 8,036 Thread 0x00007fa648068f90 Unloading class 0x0000000100258000 'java/lang/invoke/LambdaForm$MH+0x0000000100258000'
Event: 8,036 Thread 0x00007fa648068f90 Unloading class 0x0000000100257c00 'java/lang/invoke/LambdaForm$MH+0x0000000100257c00'
Event: 8,036 Thread 0x00007fa648068f90 Unloading class 0x0000000100257800 'java/lang/invoke/LambdaForm$MH+0x0000000100257800'
Event: 8,036 Thread 0x00007fa648068f90 Unloading class 0x0000000100257400 'java/lang/invoke/LambdaForm$MH+0x0000000100257400'
Event: 8,036 Thread 0x00007fa648068f90 Unloading class 0x0000000100257000 'java/lang/invoke/LambdaForm$BMH+0x0000000100257000'
Event: 8,036 Thread 0x00007fa648068f90 Unloading class 0x0000000100256c00 'java/lang/invoke/LambdaForm$DMH+0x0000000100256c00'
Event: 8,036 Thread 0x00007fa648068f90 Unloading class 0x0000000100254000 'java/lang/invoke/LambdaForm$DMH+0x0000000100254000'

Classes redefined (0 events):
No events

Internal exceptions (20 events):
Event: 15,448 Thread 0x00007fa5b4000ff0 Exception <a 'java/io/IOException'{0x00000000eb71cba0}> (0x00000000eb71cba0) 
thrown [src/hotspot/share/prims/jni.cpp, line 516]
Event: 15,448 Thread 0x00007fa5b4000ff0 Exception <a 'java/io/IOException'{0x00000000eb71d5d0}> (0x00000000eb71d5d0) 
thrown [src/hotspot/share/prims/jni.cpp, line 516]
Event: 15,448 Thread 0x00007fa5b4000ff0 Exception <a 'java/io/IOException'{0x00000000eb71d8d8}> (0x00000000eb71d8d8) 
thrown [src/hotspot/share/prims/jni.cpp, line 516]
Event: 15,448 Thread 0x00007fa5b4000ff0 Exception <a 'java/io/IOException'{0x00000000eb90b860}> (0x00000000eb90b860) 
thrown [src/hotspot/share/prims/jni.cpp, line 516]
Event: 15,449 Thread 0x00007fa5b4000ff0 Exception <a 'java/io/IOException'{0x00000000eb90c980}> (0x00000000eb90c980) 
thrown [src/hotspot/share/prims/jni.cpp, line 516]
Event: 15,449 Thread 0x00007fa5b4000ff0 Exception <a 'java/io/IOException'{0x00000000eb90cc88}> (0x00000000eb90cc88) 
thrown [src/hotspot/share/prims/jni.cpp, line 516]
Event: 15,449 Thread 0x00007fa5b4000ff0 Exception <a 'java/io/IOException'{0x00000000eb90cf90}> (0x00000000eb90cf90) 
thrown [src/hotspot/share/prims/jni.cpp, line 516]
Event: 15,451 Thread 0x00007fa5a0000ff0 Exception <a 'sun/nio/fs/UnixException'{0x00000000eb8ec768}> (0x00000000eb8ec768) 
thrown [src/hotspot/share/prims/jni.cpp, line 516]
Event: 15,481 Thread 0x00007fa5a0000ff0 Exception <a 'java/io/IOException'{0x00000000eb95f208}> (0x00000000eb95f208) 
thrown [src/hotspot/share/prims/jni.cpp, line 516]
Event: 15,481 Thread 0x00007fa5a0000ff0 Exception <a 'java/io/IOException'{0x00000000eb95f510}> (0x00000000eb95f510) 
thrown [src/hotspot/share/prims/jni.cpp, line 516]
Event: 15,481 Thread 0x00007fa5a0000ff0 Exception <a 'java/io/IOException'{0x00000000eb95f818}> (0x00000000eb95f818) 
thrown [src/hotspot/share/prims/jni.cpp, line 516]
Event: 15,486 Thread 0x00007fa5c866d670 Exception <a 'java/io/IOException'{0x00000000eb4f9180}> (0x00000000eb4f9180) 
thrown [src/hotspot/share/prims/jni.cpp, line 516]
Event: 15,486 Thread 0x00007fa5c866d670 Exception <a 'java/io/IOException'{0x00000000eb4f9488}> (0x00000000eb4f9488) 
thrown [src/hotspot/share/prims/jni.cpp, line 516]
Event: 15,487 Thread 0x00007fa5c866d670 Exception <a 'java/io/IOException'{0x00000000eb4f9790}> (0x00000000eb4f9790) 
thrown [src/hotspot/share/prims/jni.cpp, line 516]
Event: 15,495 Thread 0x00007fa5b4000ff0 Exception <a 'java/io/IOException'{0x00000000eb982728}> (0x00000000eb982728) 
thrown [src/hotspot/share/prims/jni.cpp, line 516]
Event: 15,495 Thread 0x00007fa5b4000ff0 Exception <a 'java/io/IOException'{0x00000000eb982a30}> (0x00000000eb982a30) 
thrown [src/hotspot/share/prims/jni.cpp, line 516]
Event: 15,495 Thread 0x00007fa5b4000ff0 Exception <a 'java/io/IOException'{0x00000000eb982d38}> (0x00000000eb982d38) 
thrown [src/hotspot/share/prims/jni.cpp, line 516]
Event: 16,017 Thread 0x00007fa5b4000ff0 Exception <a 'java/io/FileNotFoundException'{0x00000000eb3ae370}> (0x00000000eb3ae370) 
thrown [src/hotspot/share/prims/jni.cpp, line 516]
Event: 16,027 Thread 0x00007fa5b4000ff0 Exception <a 'java/io/FileNotFoundException'{0x00000000eb467868}> (0x00000000eb467868) 
thrown [src/hotspot/share/prims/jni.cpp, line 516]
Event: 16,027 Thread 0x00007fa5b4000ff0 Exception <a 'java/io/FileNotFoundException'{0x00000000eb4687a8}> (0x00000000eb4687a8) 
thrown [src/hotspot/share/prims/jni.cpp, line 516]

VM Operations (20 events):
Event: 14,551 Executing VM operation: HandshakeAllThreads
Event: 14,551 Executing VM operation: HandshakeAllThreads done
Event: 14,553 Executing VM operation: HandshakeAllThreads
Event: 14,553 Executing VM operation: HandshakeAllThreads done
Event: 14,685 Executing VM operation: ParallelGCFailedAllocation
Event: 14,706 Executing VM operation: ParallelGCFailedAllocation done
Event: 15,049 Executing VM operation: HandshakeAllThreads
Event: 15,050 Executing VM operation: HandshakeAllThreads done
Event: 15,498 Executing VM operation: HandshakeAllThreads
Event: 15,498 Executing VM operation: HandshakeAllThreads done
Event: 15,635 Executing VM operation: ParallelGCFailedAllocation
Event: 15,653 Executing VM operation: ParallelGCFailedAllocation done
Event: 15,956 Executing VM operation: HandshakeAllThreads
Event: 15,956 Executing VM operation: HandshakeAllThreads done
Event: 16,278 Executing VM operation: ParallelGCFailedAllocation
Event: 16,298 Executing VM operation: ParallelGCFailedAllocation done
Event: 16,627 Executing VM operation: ParallelGCFailedAllocation
Event: 16,634 Executing VM operation: ParallelGCFailedAllocation done
Event: 17,634 Executing VM operation: Cleanup
Event: 17,634 Executing VM operation: Cleanup done

Events (20 events):
Event: 16,000 loading class sun/nio/cs/ThreadLocalCoders
Event: 16,000 loading class sun/nio/cs/ThreadLocalCoders done
Event: 16,001 loading class sun/nio/cs/ThreadLocalCoders$1
Event: 16,001 loading class sun/nio/cs/ThreadLocalCoders$Cache
Event: 16,001 loading class sun/nio/cs/ThreadLocalCoders$Cache done
Event: 16,001 loading class sun/nio/cs/ThreadLocalCoders$1 done
Event: 16,001 loading class sun/nio/cs/ThreadLocalCoders$2
Event: 16,001 loading class sun/nio/cs/ThreadLocalCoders$2 done
Event: 16,025 loading class java/util/WeakHashMap$KeyIterator
Event: 16,025 loading class java/util/WeakHashMap$KeyIterator done
Event: 16,451 loading class java/util/Vector$1
Event: 16,451 loading class java/util/Vector$1 done
Event: 16,662 loading class java/util/Collections$UnmodifiableSortedSet
Event: 16,662 loading class java/util/Collections$UnmodifiableSortedSet done
Event: 16,694 loading class java/util/regex/Pattern$Caret
Event: 16,695 loading class java/util/regex/Pattern$Caret done
Event: 16,778 loading class jdk/internal/reflect/UnsafeIntegerFieldAccessorImpl
Event: 16,778 loading class jdk/internal/reflect/UnsafeIntegerFieldAccessorImpl done
Event: 22,856 Thread 0x00007fa60c7efe50 Thread exited: 0x00007fa60c7efe50
Event: 26,960 Thread 0x00007fa60c2d90c0 Thread exited: 0x00007fa60c2d90c0


Dynamic libraries:
c0000000-c4300000 rw-p 00000000 00:00 0 
c4300000-eab00000 ---p 00000000 00:00 0 
eab00000-ec100000 rw-p 00000000 00:00 0 
ec100000-100000000 ---p 00000000 00:00 0 
100000000-100010000 rw-p 00000000 00:00 0 
100010000-100030000 rw-p 00000000 00:00 0 
100030000-1000b0000 rw-p 00000000 00:00 0 
1000b0000-1000d0000 rw-p 00000000 00:00 0 
1000d0000-100130000 rw-p 00000000 00:00 0 
100130000-100170000 rw-p 00000000 00:00 0 
100170000-1001b0000 rw-p 00000000 00:00 0 
1001b0000-1001f0000 rw-p 00000000 00:00 0 
1001f0000-1002f0000 rw-p 00000000 00:00 0 
1002f0000-1003f0000 rw-p 00000000 00:00 0 
1003f0000-100680000 rw-p 00000000 00:00 0 
100680000-140000000 ---p 00000000 00:00 0 
55717f71b000-55717f71c000 r--p 00000000 103:05 20713394                  /home/schneidt/.vscode/extensions/redhat.java-1.24.0-linux-x64/jre/17.0.8.1-linux-x86_64/bin/java
55717f71c000-55717f71d000 r-xp 00001000 103:05 20713394                  /home/schneidt/.vscode/extensions/redhat.java-1.24.0-linux-x64/jre/17.0.8.1-linux-x86_64/bin/java
55717f71d000-55717f71e000 r--p 00002000 103:05 20713394                  /home/schneidt/.vscode/extensions/redhat.java-1.24.0-linux-x64/jre/17.0.8.1-linux-x86_64/bin/java
55717f71e000-55717f71f000 r--p 00002000 103:05 20713394                  /home/schneidt/.vscode/extensions/redhat.java-1.24.0-linux-x64/jre/17.0.8.1-linux-x86_64/bin/java
55717f71f000-55717f720000 rw-p 00003000 103:05 20713394                  /home/schneidt/.vscode/extensions/redhat.java-1.24.0-linux-x64/jre/17.0.8.1-linux-x86_64/bin/java
55717fb7f000-55717fbc7000 rw-p 00000000 00:00 0                          [heap]
7fa587600000-7fa58fe0f000 r--s 00000000 103:05 14168081                  /usr/lib/jvm/java-11-openjdk-amd64/lib/modules
7fa590000000-7fa5900dc000 rw-p 00000000 00:00 0 
7fa5900dc000-7fa594000000 ---p 00000000 00:00 0 
7fa598000000-7fa598021000 rw-p 00000000 00:00 0 
7fa598021000-7fa59c000000 ---p 00000000 00:00 0 
7fa59c000000-7fa59c0b8000 rw-p 00000000 00:00 0 
7fa59c0b8000-7fa5a0000000 ---p 00000000 00:00 0 
7fa5a0000000-7fa5a0070000 rw-p 00000000 00:00 0 
7fa5a0070000-7fa5a4000000 ---p 00000000 00:00 0 
7fa5a4000000-7fa5a4021000 rw-p 00000000 00:00 0 
7fa5a4021000-7fa5a8000000 ---p 00000000 00:00 0 
7fa5a8000000-7fa5a9670000 rw-p 00000000 00:00 0 
7fa5a9670000-7fa5ac000000 ---p 00000000 00:00 0 
7fa5ac000000-7fa5ac0e6000 rw-p 00000000 00:00 0 
7fa5ac0e6000-7fa5b0000000 ---p 00000000 00:00 0 
7fa5b0000000-7fa5b0919000 rw-p 00000000 00:00 0 
7fa5b0919000-7fa5b4000000 ---p 00000000 00:00 0 
7fa5b4000000-7fa5b4053000 rw-p 00000000 00:00 0 
7fa5b4053000-7fa5b8000000 ---p 00000000 00:00 0 
7fa5b8000000-7fa5b8021000 rw-p 00000000 00:00 0 
7fa5b8021000-7fa5bc000000 ---p 00000000 00:00 0 
7fa5bc000000-7fa5bd30f000 rw-p 00000000 00:00 0 
7fa5bd30f000-7fa5c0000000 ---p 00000000 00:00 0 
7fa5c0000000-7fa5c0021000 rw-p 00000000 00:00 0 
7fa5c0021000-7fa5c4000000 ---p 00000000 00:00 0 
7fa5c4000000-7fa5c4021000 rw-p 00000000 00:00 0 
7fa5c4021000-7fa5c8000000 ---p 00000000 00:00 0 
7fa5c8000000-7fa5c8b6b000 rw-p 00000000 00:00 0 
7fa5c8b6b000-7fa5cc000000 ---p 00000000 00:00 0 
7fa5cc000000-7fa5cc021000 rw-p 00000000 00:00 0 
7fa5cc021000-7fa5d0000000 ---p 00000000 00:00 0 
7fa5d0000000-7fa5d0161000 rw-p 00000000 00:00 0 
7fa5d0161000-7fa5d4000000 ---p 00000000 00:00 0 
7fa5d4000000-7fa5d4021000 rw-p 00000000 00:00 0 
7fa5d4021000-7fa5d8000000 ---p 00000000 00:00 0 
7fa5d8000000-7fa5d8021000 rw-p 00000000 00:00 0 
7fa5d8021000-7fa5dc000000 ---p 00000000 00:00 0 
7fa5dc000000-7fa5dc021000 rw-p 00000000 00:00 0 
7fa5dc021000-7fa5e0000000 ---p 00000000 00:00 0 
7fa5e0000000-7fa5e0021000 rw-p 00000000 00:00 0 
7fa5e0021000-7fa5e4000000 ---p 00000000 00:00 0 
7fa5e4000000-7fa5e4021000 rw-p 00000000 00:00 0 
7fa5e4021000-7fa5e8000000 ---p 00000000 00:00 0 
7fa5e8000000-7fa5e8021000 rw-p 00000000 00:00 0 
7fa5e8021000-7fa5ec000000 ---p 00000000 00:00 0 
7fa5ec000000-7fa5ec021000 rw-p 00000000 00:00 0 
7fa5ec021000-7fa5f0000000 ---p 00000000 00:00 0 
7fa5f0000000-7fa5f0021000 rw-p 00000000 00:00 0 
7fa5f0021000-7fa5f4000000 ---p 00000000 00:00 0 
7fa5f4000000-7fa5f4021000 rw-p 00000000 00:00 0 
7fa5f4021000-7fa5f8000000 ---p 00000000 00:00 0 
7fa5f8000000-7fa5f83f7000 rw-p 00000000 00:00 0 
7fa5f83f7000-7fa5fc000000 ---p 00000000 00:00 0 
7fa5fc000000-7fa5fc343000 rw-p 00000000 00:00 0 
7fa5fc343000-7fa600000000 ---p 00000000 00:00 0 
7fa600000000-7fa600021000 rw-p 00000000 00:00 0 
7fa600021000-7fa604000000 ---p 00000000 00:00 0 
7fa604000000-7fa604021000 rw-p 00000000 00:00 0 
7fa604021000-7fa608000000 ---p 00000000 00:00 0 
7fa608000000-7fa6095d7000 rw-p 00000000 00:00 0 
7fa6095d7000-7fa60c000000 ---p 00000000 00:00 0 
7fa60c000000-7fa60cd96000 rw-p 00000000 00:00 0 
7fa60cd96000-7fa610000000 ---p 00000000 00:00 0 
7fa610000000-7fa610021000 rw-p 00000000 00:00 0 
7fa610021000-7fa614000000 ---p 00000000 00:00 0 
7fa614000000-7fa614021000 rw-p 00000000 00:00 0 
7fa614021000-7fa618000000 ---p 00000000 00:00 0 
7fa618000000-7fa618021000 rw-p 00000000 00:00 0 
7fa618021000-7fa61c000000 ---p 00000000 00:00 0 
7fa61c000000-7fa61c021000 rw-p 00000000 00:00 0 
7fa61c021000-7fa620000000 ---p 00000000 00:00 0 
7fa6211ac000-7fa621443000 rw-p 00000000 00:00 0 
7fa621443000-7fa621447000 ---p 00000000 00:00 0 
7fa621447000-7fa621543000 rw-p 00000000 00:00 0 
7fa6216ac000-7fa6216b0000 ---p 00000000 00:00 0 
7fa6216b0000-7fa6217ac000 rw-p 00000000 00:00 0 
7fa6217ac000-7fa6217b0000 ---p 00000000 00:00 0 
7fa6217b0000-7fa6218ac000 rw-p 00000000 00:00 0 
7fa6218ac000-7fa6218b0000 ---p 00000000 00:00 0 
7fa6218b0000-7fa6219ac000 rw-p 00000000 00:00 0 
7fa6219ac000-7fa6219b0000 ---p 00000000 00:00 0 
7fa6219b0000-7fa621aac000 rw-p 00000000 00:00 0 
7fa621afc000-7fa621b00000 ---p 00000000 00:00 0 
7fa621b00000-7fa621bfc000 rw-p 00000000 00:00 0 
7fa621bfc000-7fa621c00000 ---p 00000000 00:00 0 
7fa621c00000-7fa621cfc000 rw-p 00000000 00:00 0 
7fa621cfc000-7fa621d00000 ---p 00000000 00:00 0 
7fa621d00000-7fa621dfc000 rw-p 00000000 00:00 0 
7fa621dfc000-7fa621e00000 ---p 00000000 00:00 0 
7fa621e00000-7fa621efc000 rw-p 00000000 00:00 0 
7fa621efc000-7fa621f00000 ---p 00000000 00:00 0 
7fa621f00000-7fa621ffc000 rw-p 00000000 00:00 0 
7fa621ffc000-7fa622000000 ---p 00000000 00:00 0 
7fa622000000-7fa6220fc000 rw-p 00000000 00:00 0 
7fa6220fc000-7fa622100000 ---p 00000000 00:00 0 
7fa622100000-7fa6221fc000 rw-p 00000000 00:00 0 
7fa6221fc000-7fa6221fd000 ---p 00000000 00:00 0 
7fa6221fd000-7fa6222fe000 rw-p 00000000 00:00 0 
7fa6222fe000-7fa6222ff000 ---p 00000000 00:00 0 
7fa6222ff000-7fa622400000 rw-p 00000000 00:00 0 
7fa622400000-7fa622410000 r-xp 00000000 103:05 21644170                  /home/schneidt/.config/Code/User/globalStorage/redhat.java/1.24.0/config_linux/org.eclipse.equinox.launcher/org.eclipse.equinox.launcher.gtk.linux.x86_64_1.2.700.v20221108-1024/eclipse_11801.so
7fa622410000-7fa62260f000 ---p 00010000 103:05 21644170                  /home/schneidt/.config/Code/User/globalStorage/redhat.java/1.24.0/config_linux/org.eclipse.equinox.launcher/org.eclipse.equinox.launcher.gtk.linux.x86_64_1.2.700.v20221108-1024/eclipse_11801.so
7fa62260f000-7fa622610000 r--p 0000f000 103:05 21644170                  /home/schneidt/.config/Code/User/globalStorage/redhat.java/1.24.0/config_linux/org.eclipse.equinox.launcher/org.eclipse.equinox.launcher.gtk.linux.x86_64_1.2.700.v20221108-1024/eclipse_11801.so
7fa622610000-7fa622611000 rw-p 00010000 103:05 21644170                  /home/schneidt/.config/Code/User/globalStorage/redhat.java/1.24.0/config_linux/org.eclipse.equinox.launcher/org.eclipse.equinox.launcher.gtk.linux.x86_64_1.2.700.v20221108-1024/eclipse_11801.so
7fa622611000-7fa622612000 rw-p 00000000 00:00 0 
7fa6226f4000-7fa6226f8000 ---p 00000000 00:00 0 
7fa6226f8000-7fa6227f4000 rw-p 00000000 00:00 0 
7fa6227f4000-7fa6227f8000 ---p 00000000 00:00 0 
7fa6227f8000-7fa6228f4000 rw-p 00000000 00:00 0 
7fa6228f4000-7fa6228f8000 ---p 00000000 00:00 0 
7fa6228f8000-7fa6229f4000 rw-p 00000000 00:00 0 
7fa6229f4000-7fa6229f5000 ---p 00000000 00:00 0 
7fa6229f5000-7fa622af6000 rw-p 00000000 00:00 0 
7fa622af6000-7fa622af7000 ---p 00000000 00:00 0 
7fa622af7000-7fa622bf8000 rw-p 00000000 00:00 0 
7fa622bf8000-7fa622bf9000 ---p 00000000 00:00 0 
7fa622bf9000-7fa622cfa000 rw-p 00000000 00:00 0 
7fa622cfa000-7fa622cfb000 ---p 00000000 00:00 0 
7fa622cfb000-7fa622dfc000 rw-p 00000000 00:00 0 
7fa622dfc000-7fa622dfd000 ---p 00000000 00:00 0 
7fa622dfd000-7fa622efe000 rw-p 00000000 00:00 0 
7fa622efe000-7fa622eff000 ---p 00000000 00:00 0 
7fa622eff000-7fa623000000 rw-p 00000000 00:00 0 
7fa623000000-7fa623004000 ---p 00000000 00:00 0 
7fa623004000-7fa623100000 rw-p 00000000 00:00 0 
7fa623100000-7fa623104000 ---p 00000000 00:00 0 
7fa623104000-7fa623200000 rw-p 00000000 00:00 0 
7fa623200000-7fa623204000 ---p 00000000 00:00 0 
7fa623204000-7fa623300000 rw-p 00000000 00:00 0 
7fa623300000-7fa623304000 ---p 00000000 00:00 0 
7fa623304000-7fa623400000 rw-p 00000000 00:00 0 
7fa623400000-7fa623404000 ---p 00000000 00:00 0 
7fa623404000-7fa623500000 rw-p 00000000 00:00 0 
7fa623500000-7fa623504000 ---p 00000000 00:00 0 
7fa623504000-7fa623600000 rw-p 00000000 00:00 0 
7fa623600000-7fa623604000 ---p 00000000 00:00 0 
7fa623604000-7fa623700000 rw-p 00000000 00:00 0 
7fa623700000-7fa623704000 ---p 00000000 00:00 0 
7fa623704000-7fa623800000 rw-p 00000000 00:00 0 
7fa623800000-7fa623804000 ---p 00000000 00:00 0 
7fa623804000-7fa623900000 rw-p 00000000 00:00 0 
7fa623900000-7fa623904000 ---p 00000000 00:00 0 
7fa623904000-7fa623a00000 rw-p 00000000 00:00 0 
7fa623a00000-7fa623f74000 r--p 00000000 103:05 14162721                  /usr/lib/locale/locale-archive
7fa624000000-7fa624021000 rw-p 00000000 00:00 0 
7fa624021000-7fa628000000 ---p 00000000 00:00 0 
7fa628000000-7fa628021000 rw-p 00000000 00:00 0 
7fa628021000-7fa62c000000 ---p 00000000 00:00 0 
7fa62c000000-7fa62c3f0000 rw-p 00000000 00:00 0 
7fa62c3f0000-7fa62c450000 rw-p 00000000 00:00 0 
7fa62c450000-7fa62c470000 rw-p 00000000 00:00 0 
7fa62c470000-7fa62c4f0000 rw-p 00000000 00:00 0 
7fa62c4f0000-7fa62c7f0000 rw-p 00000000 00:00 0 
7fa62c7f0000-7fa62c8f0000 rw-p 00000000 00:00 0 
7fa62c8f0000-7fa62cb70000 rw-p 00000000 00:00 0 
7fa62cb70000-7fa62cbf0000 rw-p 00000000 00:00 0 
7fa62cbf0000-7fa62cdf0000 rw-p 00000000 00:00 0 
7fa62cdf0000-7fa62cef0000 rw-p 00000000 00:00 0 
7fa62cef0000-7fa62cff0000 rw-p 00000000 00:00 0 
7fa62cff0000-7fa62d1b0000 rw-p 00000000 00:00 0 
7fa62d1b0000-7fa62d1f0000 rw-p 00000000 00:00 0 
7fa62d1f0000-7fa62d2f0000 rw-p 00000000 00:00 0 
7fa62d2f0000-7fa62d3f0000 rw-p 00000000 00:00 0 
7fa62d3f0000-7fa62d770000 rw-p 00000000 00:00 0 
7fa62d770000-7fa62d7f0000 rw-p 00000000 00:00 0 
7fa62d7f0000-7fa62ddb0000 rw-p 00000000 00:00 0 
7fa62ddb0000-7fa62ddf0000 rw-p 00000000 00:00 0 
7fa62ddf0000-7fa62df70000 rw-p 00000000 00:00 0 
7fa62df70000-7fa62dff0000 rw-p 00000000 00:00 0 
7fa62dff0000-7fa62e0f0000 rw-p 00000000 00:00 0 
7fa62e0f0000-7fa62e1f0000 rw-p 00000000 00:00 0 
7fa62e1f0000-7fa62ebd0000 rw-p 00000000 00:00 0 
7fa62ebd0000-7fa62ebf0000 rw-p 00000000 00:00 0 
7fa62ebf0000-7fa62ecf0000 rw-p 00000000 00:00 0 
7fa62ecf0000-7fa62ed70000 rw-p 00000000 00:00 0 
7fa62ed70000-7fa62ee00000 ---p 00000000 00:00 0 
7fa62ee00000-7fa62f240000 rw-p 00000000 00:00 0 
7fa62f240000-7fa630000000 ---p 00000000 00:00 0 
7fa630000000-7fa630021000 rw-p 00000000 00:00 0 
7fa630021000-7fa634000000 ---p 00000000 00:00 0 
7fa634000000-7fa634004000 ---p 00000000 00:00 0 
7fa634004000-7fa634100000 rw-p 00000000 00:00 0 
7fa634100000-7fa634104000 ---p 00000000 00:00 0 
7fa634104000-7fa636200000 rw-p 00000000 00:00 0 
7fa636200000-7fa636cd0000 rwxp 00000000 00:00 0 
7fa636cd0000-7fa63d737000 ---p 00000000 00:00 0 
7fa63d737000-7fa63d9a7000 rwxp 00000000 00:00 0 
7fa63d9a7000-7fa63dcc9000 ---p 00000000 00:00 0 
7fa63dcc9000-7fa63dff9000 rwxp 00000000 00:00 0 
7fa63dff9000-7fa645200000 ---p 00000000 00:00 0 
7fa645200000-7fa647e1b000 r--s 00000000 103:05 20721109                  /home/schneidt/.vscode/extensions/redhat.java-1.24.0-linux-x64/jre/17.0.8.1-linux-x86_64/lib/modules
7fa647efe000-7fa647eff000 ---p 00000000 00:00 0 
7fa647eff000-7fa648000000 rw-p 00000000 00:00 0 
7fa648000000-7fa6487bf000 rw-p 00000000 00:00 0 
7fa6487bf000-7fa64c000000 ---p 00000000 00:00 0 
7fa64c025000-7fa64c02c000 r--s 00000000 103:05 14158284                  /usr/lib/x86_64-linux-gnu/gconv/gconv-modules.cache
7fa64c02c000-7fa64c030000 ---p 00000000 00:00 0 
7fa64c030000-7fa64de0c000 rw-p 00000000 00:00 0 
7fa64de0c000-7fa64df40000 ---p 00000000 00:00 0 
7fa64df40000-7fa64df41000 ---p 00000000 00:00 0 
7fa64df41000-7fa64e064000 rw-p 00000000 00:00 0 
7fa64e064000-7fa64e197000 ---p 00000000 00:00 0 
7fa64e197000-7fa64e1a3000 rw-p 00000000 00:00 0 
7fa64e1a3000-7fa64e242000 ---p 00000000 00:00 0 
7fa64e242000-7fa64e24a000 rw-p 00000000 00:00 0 
7fa64e24a000-7fa64e32e000 ---p 00000000 00:00 0 
7fa64e32e000-7fa64e344000 rw-p 00000000 00:00 0 
7fa64e344000-7fa64e419000 ---p 00000000 00:00 0 
7fa64e419000-7fa64e41d000 ---p 00000000 00:00 0 
7fa64e41d000-7fa64e519000 rw-p 00000000 00:00 0 
7fa64e519000-7fa64e527000 r--p 00000000 103:05 14157916                  /usr/lib/x86_64-linux-gnu/libm.so.6
7fa64e527000-7fa64e5a3000 r-xp 0000e000 103:05 14157916                  /usr/lib/x86_64-linux-gnu/libm.so.6
7fa64e5a3000-7fa64e5fe000 r--p 0008a000 103:05 14157916                  /usr/lib/x86_64-linux-gnu/libm.so.6
7fa64e5fe000-7fa64e5ff000 r--p 000e4000 103:05 14157916                  /usr/lib/x86_64-linux-gnu/libm.so.6
7fa64e5ff000-7fa64e600000 rw-p 000e5000 103:05 14157916                  /usr/lib/x86_64-linux-gnu/libm.so.6
7fa64e600000-7fa64e853000 r--p 00000000 103:05 20729022                  /home/schneidt/.vscode/extensions/redhat.java-1.24.0-linux-x64/jre/17.0.8.1-linux-x86_64/lib/server/libjvm.so
7fa64e853000-7fa64f575000 r-xp 00253000 103:05 20729022                  /home/schneidt/.vscode/extensions/redhat.java-1.24.0-linux-x64/jre/17.0.8.1-linux-x86_64/lib/server/libjvm.so
7fa64f575000-7fa64f802000 r--p 00f75000 103:05 20729022                  /home/schneidt/.vscode/extensions/redhat.java-1.24.0-linux-x64/jre/17.0.8.1-linux-x86_64/lib/server/libjvm.so
7fa64f802000-7fa64f8bb000 r--p 01201000 103:05 20729022                  /home/schneidt/.vscode/extensions/redhat.java-1.24.0-linux-x64/jre/17.0.8.1-linux-x86_64/lib/server/libjvm.so
7fa64f8bb000-7fa64f8f0000 rw-p 012ba000 103:05 20729022                  /home/schneidt/.vscode/extensions/redhat.java-1.24.0-linux-x64/jre/17.0.8.1-linux-x86_64/lib/server/libjvm.so
7fa64f8f0000-7fa64f94a000 rw-p 00000000 00:00 0 
7fa64f94c000-7fa64f950000 r--p 00000000 103:05 20720859                  /home/schneidt/.vscode/extensions/redhat.java-1.24.0-linux-x64/jre/17.0.8.1-linux-x86_64/lib/libnet.so
7fa64f950000-7fa64f95e000 r-xp 00004000 103:05 20720859                  /home/schneidt/.vscode/extensions/redhat.java-1.24.0-linux-x64/jre/17.0.8.1-linux-x86_64/lib/libnet.so
7fa64f95e000-7fa64f962000 r--p 00012000 103:05 20720859                  /home/schneidt/.vscode/extensions/redhat.java-1.24.0-linux-x64/jre/17.0.8.1-linux-x86_64/lib/libnet.so
7fa64f962000-7fa64f963000 r--p 00015000 103:05 20720859                  /home/schneidt/.vscode/extensions/redhat.java-1.24.0-linux-x64/jre/17.0.8.1-linux-x86_64/lib/libnet.so
7fa64f963000-7fa64f964000 rw-p 00016000 103:05 20720859                  /home/schneidt/.vscode/extensions/redhat.java-1.24.0-linux-x64/jre/17.0.8.1-linux-x86_64/lib/libnet.so
7fa64f964000-7fa64fa00000 rw-p 00000000 00:00 0 
7fa64fa00000-7fa64fa28000 r--p 00000000 103:05 14157909                  /usr/lib/x86_64-linux-gnu/libc.so.6
7fa64fa28000-7fa64fbbd000 r-xp 00028000 103:05 14157909                  /usr/lib/x86_64-linux-gnu/libc.so.6
7fa64fbbd000-7fa64fc15000 r--p 001bd000 103:05 14157909                  /usr/lib/x86_64-linux-gnu/libc.so.6
7fa64fc15000-7fa64fc19000 r--p 00214000 103:05 14157909                  /usr/lib/x86_64-linux-gnu/libc.so.6
7fa64fc19000-7fa64fc1b000 rw-p 00218000 103:05 14157909                  /usr/lib/x86_64-linux-gnu/libc.so.6
7fa64fc1b000-7fa64fc28000 rw-p 00000000 00:00 0 
7fa64fc2b000-7fa64fc2f000 r--p 00000000 103:05 20721068                  /home/schneidt/.vscode/extensions/redhat.java-1.24.0-linux-x64/jre/17.0.8.1-linux-x86_64/lib/libverify.so
7fa64fc2f000-7fa64fc36000 r-xp 00004000 103:05 20721068                  /home/schneidt/.vscode/extensions/redhat.java-1.24.0-linux-x64/jre/17.0.8.1-linux-x86_64/lib/libverify.so
7fa64fc36000-7fa64fc38000 r--p 0000b000 103:05 20721068                  /home/schneidt/.vscode/extensions/redhat.java-1.24.0-linux-x64/jre/17.0.8.1-linux-x86_64/lib/libverify.so
7fa64fc38000-7fa64fc3a000 r--p 0000c000 103:05 20721068                  /home/schneidt/.vscode/extensions/redhat.java-1.24.0-linux-x64/jre/17.0.8.1-linux-x86_64/lib/libverify.so
7fa64fc3a000-7fa64fc3b000 rw-p 0000e000 103:05 20721068                  /home/schneidt/.vscode/extensions/redhat.java-1.24.0-linux-x64/jre/17.0.8.1-linux-x86_64/lib/libverify.so
7fa64fc3b000-7fa64fc42000 r--p 00000000 103:05 20720884                  /home/schneidt/.vscode/extensions/redhat.java-1.24.0-linux-x64/jre/17.0.8.1-linux-x86_64/lib/libnio.so
7fa64fc42000-7fa64fc4b000 r-xp 00007000 103:05 20720884                  /home/schneidt/.vscode/extensions/redhat.java-1.24.0-linux-x64/jre/17.0.8.1-linux-x86_64/lib/libnio.so
7fa64fc4b000-7fa64fc4f000 r--p 00010000 103:05 20720884                  /home/schneidt/.vscode/extensions/redhat.java-1.24.0-linux-x64/jre/17.0.8.1-linux-x86_64/lib/libnio.so
7fa64fc4f000-7fa64fc50000 ---p 00014000 103:05 20720884                  /home/schneidt/.vscode/extensions/redhat.java-1.24.0-linux-x64/jre/17.0.8.1-linux-x86_64/lib/libnio.so
7fa64fc50000-7fa64fc51000 r--p 00014000 103:05 20720884                  /home/schneidt/.vscode/extensions/redhat.java-1.24.0-linux-x64/jre/17.0.8.1-linux-x86_64/lib/libnio.so
7fa64fc51000-7fa64fc52000 rw-p 00015000 103:05 20720884                  /home/schneidt/.vscode/extensions/redhat.java-1.24.0-linux-x64/jre/17.0.8.1-linux-x86_64/lib/libnio.so
7fa64fc52000-7fa64fc54000 r--p 00000000 103:05 20721091                  /home/schneidt/.vscode/extensions/redhat.java-1.24.0-linux-x64/jre/17.0.8.1-linux-x86_64/lib/libzip.so
7fa64fc54000-7fa64fc58000 r-xp 00002000 103:05 20721091                  /home/schneidt/.vscode/extensions/redhat.java-1.24.0-linux-x64/jre/17.0.8.1-linux-x86_64/lib/libzip.so
7fa64fc58000-7fa64fc5a000 r--p 00006000 103:05 20721091                  /home/schneidt/.vscode/extensions/redhat.java-1.24.0-linux-x64/jre/17.0.8.1-linux-x86_64/lib/libzip.so
7fa64fc5a000-7fa64fc5b000 r--p 00007000 103:05 20721091                  /home/schneidt/.vscode/extensions/redhat.java-1.24.0-linux-x64/jre/17.0.8.1-linux-x86_64/lib/libzip.so
7fa64fc5b000-7fa64fc5c000 rw-p 00008000 103:05 20721091                  /home/schneidt/.vscode/extensions/redhat.java-1.24.0-linux-x64/jre/17.0.8.1-linux-x86_64/lib/libzip.so
7fa64fc5c000-7fa64fc75000 rw-p 00000000 00:00 0 
7fa64fc75000-7fa64fc7c000 ---p 00000000 00:00 0 
7fa64fc7c000-7fa64fc89000 r--p 00000000 103:05 20720359                  /home/schneidt/.vscode/extensions/redhat.java-1.24.0-linux-x64/jre/17.0.8.1-linux-x86_64/lib/libjava.so
7fa64fc89000-7fa64fc9b000 r-xp 0000d000 103:05 20720359                  /home/schneidt/.vscode/extensions/redhat.java-1.24.0-linux-x64/jre/17.0.8.1-linux-x86_64/lib/libjava.so
7fa64fc9b000-7fa64fca1000 r--p 0001f000 103:05 20720359                  /home/schneidt/.vscode/extensions/redhat.java-1.24.0-linux-x64/jre/17.0.8.1-linux-x86_64/lib/libjava.so
7fa64fca1000-7fa64fca2000 ---p 00025000 103:05 20720359                  /home/schneidt/.vscode/extensions/redhat.java-1.24.0-linux-x64/jre/17.0.8.1-linux-x86_64/lib/libjava.so
7fa64fca2000-7fa64fca3000 r--p 00025000 103:05 20720359                  /home/schneidt/.vscode/extensions/redhat.java-1.24.0-linux-x64/jre/17.0.8.1-linux-x86_64/lib/libjava.so
7fa64fca3000-7fa64fca4000 rw-p 00026000 103:05 20720359                  /home/schneidt/.vscode/extensions/redhat.java-1.24.0-linux-x64/jre/17.0.8.1-linux-x86_64/lib/libjava.so
7fa64fca4000-7fa64fca5000 rw-p 00000000 00:00 0 
7fa64fca5000-7fa64fca9000 r--p 00000000 103:05 20720504                  /home/schneidt/.vscode/extensions/redhat.java-1.24.0-linux-x64/jre/17.0.8.1-linux-x86_64/lib/libjimage.so
7fa64fca9000-7fa64fcbc000 r-xp 00004000 103:05 20720504                  /home/schneidt/.vscode/extensions/redhat.java-1.24.0-linux-x64/jre/17.0.8.1-linux-x86_64/lib/libjimage.so
7fa64fcbc000-7fa64fcc2000 r--p 00017000 103:05 20720504                  /home/schneidt/.vscode/extensions/redhat.java-1.24.0-linux-x64/jre/17.0.8.1-linux-x86_64/lib/libjimage.so
7fa64fcc2000-7fa64fcc4000 r--p 0001c000 103:05 20720504                  /home/schneidt/.vscode/extensions/redhat.java-1.24.0-linux-x64/jre/17.0.8.1-linux-x86_64/lib/libjimage.so
7fa64fcc4000-7fa64fcc5000 rw-p 0001e000 103:05 20720504                  /home/schneidt/.vscode/extensions/redhat.java-1.24.0-linux-x64/jre/17.0.8.1-linux-x86_64/lib/libjimage.so
7fa64fcc5000-7fa64fcc6000 r--p 00000000 103:05 14157958                  /usr/lib/x86_64-linux-gnu/librt.so.1
7fa64fcc6000-7fa64fcc7000 r-xp 00001000 103:05 14157958                  /usr/lib/x86_64-linux-gnu/librt.so.1
7fa64fcc7000-7fa64fcc8000 r--p 00002000 103:05 14157958                  /usr/lib/x86_64-linux-gnu/librt.so.1
7fa64fcc8000-7fa64fcc9000 r--p 00002000 103:05 14157958                  /usr/lib/x86_64-linux-gnu/librt.so.1
7fa64fcc9000-7fa64fcca000 rw-p 00003000 103:05 14157958                  /usr/lib/x86_64-linux-gnu/librt.so.1
7fa64fcca000-7fa64fcce000 rw-p 00000000 00:00 0 
7fa64fcce000-7fa64fccf000 r--p 00000000 103:05 14157915                  /usr/lib/x86_64-linux-gnu/libdl.so.2
7fa64fccf000-7fa64fcd0000 r-xp 00001000 103:05 14157915                  /usr/lib/x86_64-linux-gnu/libdl.so.2
7fa64fcd0000-7fa64fcd1000 r--p 00002000 103:05 14157915                  /usr/lib/x86_64-linux-gnu/libdl.so.2
7fa64fcd1000-7fa64fcd2000 r--p 00002000 103:05 14157915                  /usr/lib/x86_64-linux-gnu/libdl.so.2
7fa64fcd2000-7fa64fcd3000 rw-p 00003000 103:05 14157915                  /usr/lib/x86_64-linux-gnu/libdl.so.2
7fa64fcd3000-7fa64fcd4000 r--p 00000000 103:05 14157952                  /usr/lib/x86_64-linux-gnu/libpthread.so.0
7fa64fcd4000-7fa64fcd5000 r-xp 00001000 103:05 14157952                  /usr/lib/x86_64-linux-gnu/libpthread.so.0
7fa64fcd5000-7fa64fcd6000 r--p 00002000 103:05 14157952                  /usr/lib/x86_64-linux-gnu/libpthread.so.0
7fa64fcd6000-7fa64fcd7000 r--p 00002000 103:05 14157952                  /usr/lib/x86_64-linux-gnu/libpthread.so.0
7fa64fcd7000-7fa64fcd8000 rw-p 00003000 103:05 14157952                  /usr/lib/x86_64-linux-gnu/libpthread.so.0
7fa64fcd8000-7fa64fcdb000 r--p 00000000 103:05 20720537                  /home/schneidt/.vscode/extensions/redhat.java-1.24.0-linux-x64/jre/17.0.8.1-linux-x86_64/lib/libjli.so
7fa64fcdb000-7fa64fce5000 r-xp 00003000 103:05 20720537                  /home/schneidt/.vscode/extensions/redhat.java-1.24.0-linux-x64/jre/17.0.8.1-linux-x86_64/lib/libjli.so
7fa64fce5000-7fa64fce8000 r--p 0000d000 103:05 20720537                  /home/schneidt/.vscode/extensions/redhat.java-1.24.0-linux-x64/jre/17.0.8.1-linux-x86_64/lib/libjli.so
7fa64fce8000-7fa64fce9000 ---p 00010000 103:05 20720537                  /home/schneidt/.vscode/extensions/redhat.java-1.24.0-linux-x64/jre/17.0.8.1-linux-x86_64/lib/libjli.so
7fa64fce9000-7fa64fcea000 r--p 00010000 103:05 20720537                  /home/schneidt/.vscode/extensions/redhat.java-1.24.0-linux-x64/jre/17.0.8.1-linux-x86_64/lib/libjli.so
7fa64fcea000-7fa64fceb000 rw-p 00011000 103:05 20720537                  /home/schneidt/.vscode/extensions/redhat.java-1.24.0-linux-x64/jre/17.0.8.1-linux-x86_64/lib/libjli.so
7fa64fceb000-7fa64fced000 r--p 00000000 103:05 14184191                  /usr/lib/x86_64-linux-gnu/libz.so.1.2.11
7fa64fced000-7fa64fcfe000 r-xp 00002000 103:05 14184191                  /usr/lib/x86_64-linux-gnu/libz.so.1.2.11
7fa64fcfe000-7fa64fd04000 r--p 00013000 103:05 14184191                  /usr/lib/x86_64-linux-gnu/libz.so.1.2.11
7fa64fd04000-7fa64fd05000 ---p 00019000 103:05 14184191                  /usr/lib/x86_64-linux-gnu/libz.so.1.2.11
7fa64fd05000-7fa64fd06000 r--p 00019000 103:05 14184191                  /usr/lib/x86_64-linux-gnu/libz.so.1.2.11
7fa64fd06000-7fa64fd07000 rw-p 0001a000 103:05 14184191                  /usr/lib/x86_64-linux-gnu/libz.so.1.2.11
7fa64fd07000-7fa64fd0f000 rw-s 00000000 103:05 7340468                   /tmp/hsperfdata_schneidt/6622
7fa64fd0f000-7fa64fd11000 r--p 00000000 103:05 20720271                  /home/schneidt/.vscode/extensions/redhat.java-1.24.0-linux-x64/jre/17.0.8.1-linux-x86_64/lib/libinstrument.so
7fa64fd11000-7fa64fd17000 r-xp 00002000 103:05 20720271                  /home/schneidt/.vscode/extensions/redhat.java-1.24.0-linux-x64/jre/17.0.8.1-linux-x86_64/lib/libinstrument.so
7fa64fd17000-7fa64fd1a000 r--p 00008000 103:05 20720271                  /home/schneidt/.vscode/extensions/redhat.java-1.24.0-linux-x64/jre/17.0.8.1-linux-x86_64/lib/libinstrument.so
7fa64fd1a000-7fa64fd1b000 r--p 0000a000 103:05 20720271                  /home/schneidt/.vscode/extensions/redhat.java-1.24.0-linux-x64/jre/17.0.8.1-linux-x86_64/lib/libinstrument.so
7fa64fd1b000-7fa64fd1c000 rw-p 0000b000 103:05 20720271                  /home/schneidt/.vscode/extensions/redhat.java-1.24.0-linux-x64/jre/17.0.8.1-linux-x86_64/lib/libinstrument.so
7fa64fd1c000-7fa64fd1d000 ---p 00000000 00:00 0 
7fa64fd1d000-7fa64fd1e000 r--p 00000000 00:00 0 
7fa64fd1e000-7fa64fd20000 rw-p 00000000 00:00 0 
7fa64fd20000-7fa64fd22000 r--p 00000000 103:05 14157901                  /usr/lib/x86_64-linux-gnu/ld-linux-x86-64.so.2
7fa64fd22000-7fa64fd4c000 r-xp 00002000 103:05 14157901                  /usr/lib/x86_64-linux-gnu/ld-linux-x86-64.so.2
7fa64fd4c000-7fa64fd57000 r--p 0002c000 103:05 14157901                  /usr/lib/x86_64-linux-gnu/ld-linux-x86-64.so.2
7fa64fd57000-7fa64fd58000 ---p 00000000 00:00 0 
7fa64fd58000-7fa64fd5a000 r--p 00037000 103:05 14157901                  /usr/lib/x86_64-linux-gnu/ld-linux-x86-64.so.2
7fa64fd5a000-7fa64fd5c000 rw-p 00039000 103:05 14157901                  /usr/lib/x86_64-linux-gnu/ld-linux-x86-64.so.2
7ffd43b7e000-7ffd43b9f000 rw-p 00000000 00:00 0                          [stack]
7ffd43bc1000-7ffd43bc5000 r--p 00000000 00:00 0                          [vvar]
7ffd43bc5000-7ffd43bc7000 r-xp 00000000 00:00 0                          [vdso]
ffffffffff600000-ffffffffff601000 --xp 00000000 00:00 0                  [vsyscall]


VM Arguments:
jvm_args: --add-modules=ALL-SYSTEM --add-opens=java.base/java.util=ALL-UNNAMED --add-opens=java.base/java.lang=ALL-UNNAMED --add-opens=java.base/sun.nio.fs=ALL-UNNAMED -Declipse.application=org.eclipse.jdt.ls.core.id1 -Dosgi.bundles.defaultStartLevel=4 -Declipse.product=org.eclipse.jdt.ls.core.product -Djava.import.generatesMetadataFilesAtProjectRoot=false -DDetectVMInstallationsJob.disabled=true -Dfile.encoding=utf8 -XX:+UseParallelGC -XX:GCTimeRatio=4 -XX:AdaptiveSizePolicyWeight=90 -Dsun.zip.disableMemoryMapping=true -Xmx1G -Xms100m -Xlog:disable -javaagent:/home/schneidt/.vscode/extensions/redhat.java-1.24.0-linux-x64/lombok/lombok-1.18.30.jar -XX:+HeapDumpOnOutOfMemoryError -XX:HeapDumpPath=/home/schneidt/.config/Code/User/workspaceStorage/521850bbac6f7e8d88305312420ed6c6/redhat.java -Daether.dependencyCollector.impl=bf 
java_command: /home/schneidt/.vscode/extensions/redhat.java-1.24.0-linux-x64/server/plugins/org.eclipse.equinox.launcher_1.6.500.v20230717-2134.jar -configuration /home/schneidt/.config/Code/User/globalStorage/redhat.java/1.24.0/config_linux -data /home/schneidt/.config/Code/User/workspaceStorage/521850bbac6f7e8d88305312420ed6c6/redhat.java/jdt_ws --stdio
java_class_path (initial): /home/schneidt/.vscode/extensions/redhat.java-1.24.0-linux-x64/server/plugins/org.eclipse.equinox.launcher_1.6.500.v20230717-2134.jar
Launcher Type: SUN_STANDARD

[Global flags]
    uintx AdaptiveSizePolicyWeight                 = 90                                        {product} {command line}
     intx CICompilerCount                          = 4                                         {product} {ergonomic}
    uintx GCTimeRatio                              = 4                                         {product} {command line}
     bool HeapDumpOnOutOfMemoryError               = true                                   {manageable} {command line}
    ccstr HeapDumpPath                             = /home/schneidt/.config/Code/User/workspaceStorage/521850bbac6f7e8d88305312420ed6c6/redhat.java         {manageable} {command line}
   size_t InitialHeapSize                          = 104857600                                 {product} {command line}
   size_t MaxHeapSize                              = 1073741824                                {product} {command line}
   size_t MaxNewSize                               = 357564416                                 {product} {ergonomic}
   size_t MinHeapDeltaBytes                        = 524288                                    {product} {ergonomic}
   size_t MinHeapSize                              = 104857600                                 {product} {command line}
   size_t NewSize                                  = 34603008                                  {product} {ergonomic}
    uintx NonNMethodCodeHeapSize                   = 5839372                                {pd product} {ergonomic}
    uintx NonProfiledCodeHeapSize                  = 122909434                              {pd product} {ergonomic}
   size_t OldSize                                  = 70254592                                  {product} {ergonomic}
    uintx ProfiledCodeHeapSize                     = 122909434                              {pd product} {ergonomic}
    uintx ReservedCodeCacheSize                    = 251658240                              {pd product} {ergonomic}
     bool SegmentedCodeCache                       = true                                      {product} {ergonomic}
   size_t SoftMaxHeapSize                          = 1073741824                             {manageable} {ergonomic}
     bool UseCompressedClassPointers               = true                           {product lp64_product} {ergonomic}
     bool UseCompressedOops                        = true                           {product lp64_product} {ergonomic}
     bool UseParallelGC                            = true                                      {product} {command line}

Logging:
Log output configuration:
 #0: stdout all=off uptime,level,tags
 #1: stderr all=off uptime,level,tags

Environment Variables:
PATH=/home/schneidt/.volta/bin:/home/schneidt/.local/bin:/home/schneidt/.volta/bin:/home/schneidt/.local/bin:/home/schneidt/.volta/bin:/home/schneidt/.local/bin:/usr/local/sbin:/usr/local/bin:/usr/sbin:/usr/bin:/sbin:/bin:/usr/games:/usr/local/games:/snap/bin:/snap/bin
USERNAME=schneidt
SHELL=/bin/bash
DISPLAY=:1
LANG=en_US.UTF-8
LC_CTYPE=pt_BR.UTF-8
LC_NUMERIC=pt_BR.UTF-8
LC_TIME=pt_BR.UTF-8

Active Locale:
LC_ALL=LC_CTYPE=pt_BR.UTF-8;LC_NUMERIC=pt_BR.UTF-8;LC_TIME=pt_BR.UTF-8;LC_COLLATE=en_US.UTF-8;LC_MONETARY=pt_BR.UTF-8;LC_MESSAGES=en_US.UTF-8;LC_PAPER=pt_BR.UTF-8;LC_NAME=pt_BR.UTF-8;LC_ADDRESS=pt_BR.UTF-8;LC_TELEPHONE=pt_BR.UTF-8;LC_MEASUREMENT=pt_BR.UTF-8;LC_IDENTIFICATION=pt_BR.UTF-8
LC_COLLATE=en_US.UTF-8
LC_CTYPE=pt_BR.UTF-8
LC_MESSAGES=en_US.UTF-8
LC_MONETARY=pt_BR.UTF-8
LC_NUMERIC=pt_BR.UTF-8
LC_TIME=pt_BR.UTF-8

Signal Handlers:
   SIGSEGV: crash_handler in libjvm.so, mask=11100100010111111101111111111110, flags=SA_RESTART|SA_SIGINFO, unblocked
    SIGBUS: crash_handler in libjvm.so, mask=11100100010111111101111111111110, flags=SA_RESTART|SA_SIGINFO, unblocked
    SIGFPE: crash_handler in libjvm.so, mask=11100100010111111101111111111110, flags=SA_RESTART|SA_SIGINFO, unblocked
   SIGPIPE: javaSignalHandler in libjvm.so, mask=11100100010111111101111111111110, flags=SA_RESTART|SA_SIGINFO, blocked
   SIGXFSZ: javaSignalHandler in libjvm.so, mask=11100100010111111101111111111110, flags=SA_RESTART|SA_SIGINFO, blocked
    SIGILL: crash_handler in libjvm.so, mask=11100100010111111101111111111110, flags=SA_RESTART|SA_SIGINFO, unblocked
   SIGUSR2: SR_handler in libjvm.so, mask=00000000000000000000000000000000, flags=SA_RESTART|SA_SIGINFO, blocked
    SIGHUP: UserHandler in libjvm.so, mask=11100100010111111101111111111110, flags=SA_RESTART|SA_SIGINFO, blocked
    SIGINT: UserHandler in libjvm.so, mask=11100100010111111101111111111110, flags=SA_RESTART|SA_SIGINFO, blocked
   SIGTERM: UserHandler in libjvm.so, mask=11100100010111111101111111111110, flags=SA_RESTART|SA_SIGINFO, blocked
   SIGQUIT: UserHandler in libjvm.so, mask=11100100010111111101111111111110, flags=SA_RESTART|SA_SIGINFO, blocked
   SIGTRAP: crash_handler in libjvm.so, mask=11100100010111111101111111111110, flags=SA_RESTART|SA_SIGINFO, unblocked


---------------  S Y S T E M  ---------------

OS:
DISTRIB_ID=Ubuntu
DISTRIB_RELEASE=22.04
DISTRIB_CODENAME=jammy
DISTRIB_DESCRIPTION="Ubuntu 22.04.3 LTS"
uname: Linux 6.2.0-37-generic #38~22.04.1-Ubuntu SMP PREEMPT_DYNAMIC Thu Nov  2 18:01:13 UTC 2 x86_64
OS uptime: 0 days 0:06 hours
libc: glibc 2.35 NPTL 2.35 
rlimit (soft/hard): STACK 8192k/infinity , CORE 0k/infinity , NPROC 63043/63043 , NOFILE 1048576/1048576 , AS infinity/infinity , CPU infinity/infinity , DATA infinity/infinity , FSIZE infinity/infinity , MEMLOCK 2026936k/2026936k
load average: 9,95 5,43 2,44

/proc/meminfo:
MemTotal:       16215500 kB
MemFree:        10373452 kB
MemAvailable:   12768520 kB
Buffers:           93204 kB
Cached:          2543716 kB
SwapCached:            0 kB
Active:          1256272 kB
Inactive:        3989960 kB
Active(anon):       2192 kB
Inactive(anon):  2646040 kB
Active(file):    1254080 kB
Inactive(file):  1343920 kB
Unevictable:        4296 kB
Mlocked:              32 kB
SwapTotal:       2097148 kB
SwapFree:        2097148 kB
Zswap:                 0 kB
Zswapped:              0 kB
Dirty:             21540 kB
Writeback:             0 kB
AnonPages:       2613516 kB
Mapped:           645324 kB
Shmem:             38920 kB
KReclaimable:     105972 kB
Slab:             252632 kB
SReclaimable:     105972 kB
SUnreclaim:       146660 kB
KernelStack:       14788 kB
PageTables:        29396 kB
SecPageTables:         0 kB
NFS_Unstable:          0 kB
Bounce:                0 kB
WritebackTmp:          0 kB
CommitLimit:    10204896 kB
Committed_AS:    7433556 kB
VmallocTotal:   34359738367 kB
VmallocUsed:      111568 kB
VmallocChunk:          0 kB
Percpu:             6752 kB
HardwareCorrupted:     0 kB
AnonHugePages:         0 kB
ShmemHugePages:        0 kB
ShmemPmdMapped:        0 kB
FileHugePages:         0 kB
FilePmdMapped:         0 kB
HugePages_Total:       0
HugePages_Free:        0
HugePages_Rsvd:        0
HugePages_Surp:        0
Hugepagesize:       2048 kB
Hugetlb:               0 kB
DirectMap4k:      485004 kB
DirectMap2M:     7751680 kB
DirectMap1G:     8388608 kB

/sys/kernel/mm/transparent_hugepage/enabled: always [madvise] never
/sys/kernel/mm/transparent_hugepage/defrag (defrag/compaction efforts parameter): always defer defer+madvise [madvise] never

Process Memory:
Virtual Size: 5292028K (peak: 5292028K)
Resident Set Size: 264612K (peak: 276828K) (anon: 233252K, file: 31360K, shmem: 0K)
Swapped out: 0K
C-Heap outstanding allocations: 61191K, retained: 68152K
glibc malloc tunables: (default)

/proc/sys/kernel/threads-max (system-wide limit on the number of threads): 126086
/proc/sys/vm/max_map_count (maximum number of memory map areas a process may have): 65530
/proc/sys/kernel/pid_max (system-wide limit on number of process identifiers): 4194304

container (cgroup) information:
container_type: cgroupv2
cpu_cpuset_cpus: not supported
cpu_memory_nodes: not supported
active_processor_count: 8
cpu_quota: not supported
cpu_period: not supported
cpu_shares: not supported
memory_limit_in_bytes: unlimited
memory_and_swap_limit_in_bytes: unlimited
memory_soft_limit_in_bytes: unlimited
memory_usage_in_bytes: 1625988 k
memory_max_usage_in_bytes: not supported
memory_swap_current_in_bytes: unlimited
memory_swap_max_limit_in_bytes: unlimited
maximum number of tasks: 18912
current number of tasks: 336

Steal ticks since vm start: 0
Steal ticks percentage since vm start:  0,000

CPU: total 8 (initial active 8) (4 cores per cpu, 2 threads per core) family 6 model 142 stepping 12 microcode 0xf8, cx8, cmov, fxsr, ht, mmx, 3dnowpref, sse, sse2, sse3, ssse3, sse4.1, sse4.2, popcnt, lzcnt, tsc, tscinvbit, avx, avx2, aes, erms, clmul, bmi1, bmi2, adx, fma, vzeroupper, clflush, clflushopt
CPU Model and flags from /proc/cpuinfo:
model name	: Intel(R) Core(TM) i7-8565U CPU @ 1.80GHz
flags		: fpu vme de pse tsc msr pae mce cx8 apic sep mtrr pge mca cmov pat pse36 clflush dts acpi mmx fxsr sse sse2 ss ht tm pbe syscall nx pdpe1gb rdtscp lm constant_tsc art arch_perfmon pebs bts rep_good nopl xtopology nonstop_tsc cpuid aperfmperf pni pclmulqdq dtes64 monitor ds_cpl vmx est tm2 ssse3 sdbg fma cx16 xtpr pdcm pcid sse4_1 sse4_2 x2apic movbe popcnt tsc_deadline_timer aes xsave avx f16c rdrand lahf_lm abm 3dnowprefetch cpuid_fault epb invpcid_single ssbd ibrs ibpb stibp ibrs_enhanced tpr_shadow vnmi flexpriority ept vpid ept_ad fsgsbase tsc_adjust bmi1 avx2 smep bmi2 erms invpcid mpx rdseed adx smap clflushopt intel_pt xsaveopt xsavec xgetbv1 xsaves dtherm ida arat pln pts hwp hwp_notify hwp_act_window hwp_epp md_clear flush_l1d arch_capabilities

Online cpus: 0-7
Offline cpus: 
BIOS frequency limitation: <Not Available>
Frequency switch latency (ns): 0
Available cpu frequencies: <Not Available>
Current governor: powersave
Core performance/turbo boost: <Not Available>

Memory: 4k page, physical 16215500k(10373452k free), swap 2097148k(2097148k free)
Page Sizes: 4k

vm_info: OpenJDK 64-Bit Server VM (17.0.8.1+1) for linux-amd64 JRE (17.0.8.1+1), built on Aug 24 2023 00:00:00 by "admin" with gcc 10.3.0

END.
